<?xml version="1.0" encoding="UTF-8" standalone="yes"?><!DOCTYPE report PUBLIC "-//JACOCO//DTD Report 1.1//EN" "report.dtd"><report name="Blocpress E2E Coverage"><sessioninfo id="flaechsig-MS-7E62-3f798312" start="1773474966832" dump="1773474967971"/><sessioninfo id="flaechsig-MS-7E62-3bdf1544" start="1773474970047" dump="1773474973087"/><sessioninfo id="flaechsig-MS-7E62-93de1ca2" start="1773474978622" dump="1773474985034"/><sessioninfo id="flaechsig-MS-7E62-6abbf4a" start="1773474982041" dump="1773474985079"/><sessioninfo id="flaechsig-MS-7E62-b0d273ba" start="1773474988933" dump="1773475003286"/><sessioninfo id="flaechsig-MS-7E62-18210ba" start="1773474986443" dump="1773475003286"/><group name="blocpress-workbench"><package name="io/github/flaechsig/blocpress/workbench/entity"><class name="io/github/flaechsig/blocpress/workbench/entity/TestDataSet" sourcefilename="TestDataSet.java"><method name="&lt;init&gt;" desc="()V" line="49"><counter type="INSTRUCTION" missed="0" covered="14"/><counter type="LINE" missed="0" covered="5"/><counter type="COMPLEXITY" missed="0" covered="1"/><counter type="METHOD" missed="0" covered="1"/></method><method name="create" desc="(Lio/github/flaechsig/blocpress/workbench/entity/Template;Ljava/lang/String;Lcom/fasterxml/jackson/databind/JsonNode;)Lio/github/flaechsig/blocpress/workbench/entity/TestDataSet;" line="59"><counter type="INSTRUCTION" missed="0" covered="15"/><counter type="LINE" missed="0" covered="5"/><counter type="COMPLEXITY" missed="0" covered="1"/><counter type="METHOD" missed="0" covered="1"/></method><counter type="INSTRUCTION" missed="0" covered="29"/><counter type="LINE" missed="0" covered="10"/><counter type="COMPLEXITY" missed="0" covered="2"/><counter type="METHOD" missed="0" covered="2"/><counter type="CLASS" missed="0" covered="1"/></class><class name="io/github/flaechsig/blocpress/workbench/entity/Template" sourcefilename="Template.java"><method name="&lt;init&gt;" desc="()V" line="34"><counter type="INSTRUCTION" missed="0" covered="26"/><counter type="LINE" missed="0" covered="9"/><counter type="COMPLEXITY" missed="0" covered="1"/><counter type="METHOD" missed="0" covered="1"/></method><method name="prePersist" desc="()V" line="89"><counter type="INSTRUCTION" missed="0" covered="7"/><counter type="BRANCH" missed="0" covered="2"/><counter type="LINE" missed="0" covered="3"/><counter type="COMPLEXITY" missed="0" covered="2"/><counter type="METHOD" missed="0" covered="1"/></method><method name="findLatestActiveByName" desc="(Ljava/lang/String;Ljava/time/LocalDateTime;)Lio/github/flaechsig/blocpress/workbench/entity/Template;" line="103"><counter type="INSTRUCTION" missed="0" covered="15"/><counter type="LINE" missed="0" covered="2"/><counter type="COMPLEXITY" missed="0" covered="1"/><counter type="METHOD" missed="0" covered="1"/></method><method name="findLatestActiveByName" desc="(Ljava/lang/String;)Lio/github/flaechsig/blocpress/workbench/entity/Template;" line="114"><counter type="INSTRUCTION" missed="0" covered="4"/><counter type="LINE" missed="0" covered="1"/><counter type="COMPLEXITY" missed="0" covered="1"/><counter type="METHOD" missed="0" covered="1"/></method><counter type="INSTRUCTION" missed="0" covered="52"/><counter type="BRANCH" missed="0" covered="2"/><counter type="LINE" missed="0" covered="15"/><counter type="COMPLEXITY" missed="0" covered="5"/><counter type="METHOD" missed="0" covered="4"/><counter type="CLASS" missed="0" covered="1"/></class><class name="io/github/flaechsig/blocpress/workbench/entity/ValidationResult$ValidationMessage" sourcefilename="ValidationResult.java"><method name="&lt;init&gt;" desc="(Ljava/lang/String;Ljava/lang/String;)V" line="45"><counter type="INSTRUCTION" missed="0" covered="9"/><counter type="LINE" missed="0" covered="1"/><counter type="COMPLEXITY" missed="0" covered="1"/><counter type="METHOD" missed="0" covered="1"/></method><counter type="INSTRUCTION" missed="0" covered="9"/><counter type="LINE" missed="0" covered="1"/><counter type="COMPLEXITY" missed="0" covered="1"/><counter type="METHOD" missed="0" covered="1"/><counter type="CLASS" missed="0" covered="1"/></class><class name="io/github/flaechsig/blocpress/workbench/entity/TemplateStatus" sourcefilename="TemplateStatus.java"><method name="&lt;clinit&gt;" desc="()V" line="3"><counter type="INSTRUCTION" missed="0" covered="27"/><counter type="LINE" missed="0" covered="5"/><counter type="COMPLEXITY" missed="0" covered="1"/><counter type="METHOD" missed="0" covered="1"/></method><counter type="INSTRUCTION" missed="0" covered="27"/><counter type="LINE" missed="0" covered="5"/><counter type="COMPLEXITY" missed="0" covered="1"/><counter type="METHOD" missed="0" covered="1"/><counter type="CLASS" missed="0" covered="1"/></class><class name="io/github/flaechsig/blocpress/workbench/entity/TemplateType" sourcefilename="TemplateType.java"><method name="&lt;clinit&gt;" desc="()V" line="3"><counter type="INSTRUCTION" missed="0" covered="15"/><counter type="LINE" missed="0" covered="3"/><counter type="COMPLEXITY" missed="0" covered="1"/><counter type="METHOD" missed="0" covered="1"/></method><counter type="INSTRUCTION" missed="0" covered="15"/><counter type="LINE" missed="0" covered="3"/><counter type="COMPLEXITY" missed="0" covered="1"/><counter type="METHOD" missed="0" covered="1"/><counter type="CLASS" missed="0" covered="1"/></class><class name="io/github/flaechsig/blocpress/workbench/entity/ValidationResult" sourcefilename="ValidationResult.java"><method name="&lt;init&gt;" desc="(ZLcom/fasterxml/jackson/databind/JsonNode;Ljava/util/List;Ljava/util/List;Ljava/util/List;Ljava/util/List;)V" line="37"><counter type="INSTRUCTION" missed="0" covered="21"/><counter type="LINE" missed="0" covered="1"/><counter type="COMPLEXITY" missed="0" covered="1"/><counter type="METHOD" missed="0" covered="1"/></method><counter type="INSTRUCTION" missed="0" covered="21"/><counter type="LINE" missed="0" covered="1"/><counter type="COMPLEXITY" missed="0" covered="1"/><counter type="METHOD" missed="0" covered="1"/><counter type="CLASS" missed="0" covered="1"/></class><sourcefile name="TemplateType.java"><line nr="3" mi="0" ci="3" mb="0" cb="0"/><line nr="4" mi="0" ci="6" mb="0" cb="0"/><line nr="5" mi="0" ci="6" mb="0" cb="0"/><counter type="INSTRUCTION" missed="0" covered="15"/><counter type="LINE" missed="0" covered="3"/><counter type="COMPLEXITY" missed="0" covered="1"/><counter type="METHOD" missed="0" covered="1"/><counter type="CLASS" missed="0" covered="1"/></sourcefile><sourcefile name="TemplateStatus.java"><line nr="3" mi="0" ci="3" mb="0" cb="0"/><line nr="4" mi="0" ci="6" mb="0" cb="0"/><line nr="5" mi="0" ci="6" mb="0" cb="0"/><line nr="6" mi="0" ci="6" mb="0" cb="0"/><line nr="7" mi="0" ci="6" mb="0" cb="0"/><counter type="INSTRUCTION" missed="0" covered="27"/><counter type="LINE" missed="0" covered="5"/><counter type="COMPLEXITY" missed="0" covered="1"/><counter type="METHOD" missed="0" covered="1"/><counter type="CLASS" missed="0" covered="1"/></sourcefile><sourcefile name="TestDataSet.java"><line nr="49" mi="0" ci="5" mb="0" cb="0"/><line nr="53" mi="0" ci="2" mb="0" cb="0"/><line nr="54" mi="0" ci="3" mb="0" cb="0"/><line nr="55" mi="0" ci="3" mb="0" cb="0"/><line nr="56" mi="0" ci="1" mb="0" cb="0"/><line nr="59" mi="0" ci="4" mb="0" cb="0"/><line nr="60" mi="0" ci="3" mb="0" cb="0"/><line nr="61" mi="0" ci="3" mb="0" cb="0"/><line nr="62" mi="0" ci="3" mb="0" cb="0"/><line nr="63" mi="0" ci="2" mb="0" cb="0"/><counter type="INSTRUCTION" missed="0" covered="29"/><counter type="LINE" missed="0" covered="10"/><counter type="COMPLEXITY" missed="0" covered="2"/><counter type="METHOD" missed="0" covered="2"/><counter type="CLASS" missed="0" covered="1"/></sourcefile><sourcefile name="ValidationResult.java"><line nr="37" mi="0" ci="21" mb="0" cb="0"/><line nr="45" mi="0" ci="9" mb="0" cb="0"/><counter type="INSTRUCTION" missed="0" covered="30"/><counter type="LINE" missed="0" covered="2"/><counter type="COMPLEXITY" missed="0" covered="2"/><counter type="METHOD" missed="0" covered="2"/><counter type="CLASS" missed="0" covered="2"/></sourcefile><sourcefile name="Template.java"><line nr="34" mi="0" ci="2" mb="0" cb="0"/><line nr="43" mi="0" ci="1" mb="0" cb="0"/><line nr="44" mi="0" ci="2" mb="0" cb="0"/><line nr="46" mi="0" ci="2" mb="0" cb="0"/><line nr="47" mi="0" ci="2" mb="0" cb="0"/><line nr="57" mi="0" ci="3" mb="0" cb="0"/><line nr="61" mi="0" ci="3" mb="0" cb="0"/><line nr="72" mi="0" ci="5" mb="0" cb="0"/><line nr="84" mi="0" ci="6" mb="0" cb="0"/><line nr="89" mi="0" ci="3" mb="0" cb="2"/><line nr="90" mi="0" ci="3" mb="0" cb="0"/><line nr="92" mi="0" ci="1" mb="0" cb="0"/><line nr="103" mi="0" ci="13" mb="0" cb="0"/><line nr="107" mi="0" ci="2" mb="0" cb="0"/><line nr="114" mi="0" ci="4" mb="0" cb="0"/><counter type="INSTRUCTION" missed="0" covered="52"/><counter type="BRANCH" missed="0" covered="2"/><counter type="LINE" missed="0" covered="15"/><counter type="COMPLEXITY" missed="0" covered="5"/><counter type="METHOD" missed="0" covered="4"/><counter type="CLASS" missed="0" covered="1"/></sourcefile><counter type="INSTRUCTION" missed="0" covered="153"/><counter type="BRANCH" missed="0" covered="2"/><counter type="LINE" missed="0" covered="35"/><counter type="COMPLEXITY" missed="0" covered="11"/><counter type="METHOD" missed="0" covered="10"/><counter type="CLASS" missed="0" covered="6"/></package><package name="io/github/flaechsig/blocpress/workbench"><class name="io/github/flaechsig/blocpress/workbench/PROPFIND" sourcefilename="PROPFIND.java"/><class name="io/github/flaechsig/blocpress/workbench/TemplateResource$IgnoreBlockRequest" sourcefilename="TemplateResource.java"><method name="&lt;init&gt;" desc="(Ljava/lang/String;Ljava/lang/String;)V" line="943"><counter type="INSTRUCTION" missed="9" covered="0"/><counter type="LINE" missed="1" covered="0"/><counter type="COMPLEXITY" missed="1" covered="0"/><counter type="METHOD" missed="1" covered="0"/></method><counter type="INSTRUCTION" missed="9" covered="0"/><counter type="LINE" missed="1" covered="0"/><counter type="COMPLEXITY" missed="1" covered="0"/><counter type="METHOD" missed="1" covered="0"/><counter type="CLASS" missed="1" covered="0"/></class><class name="io/github/flaechsig/blocpress/workbench/SearchResource$SearchHit" sourcefilename="SearchResource.java"><method name="&lt;init&gt;" desc="(Ljava/util/UUID;Ljava/lang/String;Ljava/lang/String;Ljava/lang/String;ILjava/util/Map;)V" line="90"><counter type="INSTRUCTION" missed="0" covered="21"/><counter type="LINE" missed="0" covered="1"/><counter type="COMPLEXITY" missed="0" covered="1"/><counter type="METHOD" missed="0" covered="1"/></method><counter type="INSTRUCTION" missed="0" covered="21"/><counter type="LINE" missed="0" covered="1"/><counter type="COMPLEXITY" missed="0" covered="1"/><counter type="METHOD" missed="0" covered="1"/><counter type="CLASS" missed="0" covered="1"/></class><class name="io/github/flaechsig/blocpress/workbench/WebDavResource" sourcefilename="WebDavResource.java"><method name="&lt;init&gt;" desc="()V" line="32"><counter type="INSTRUCTION" missed="3" covered="0"/><counter type="LINE" missed="1" covered="0"/><counter type="COMPLEXITY" missed="1" covered="0"/><counter type="METHOD" missed="1" covered="0"/></method><method name="options" desc="()Ljakarta/ws/rs/core/Response;" line="40"><counter type="INSTRUCTION" missed="9" covered="0"/><counter type="LINE" missed="4" covered="0"/><counter type="COMPLEXITY" missed="1" covered="0"/><counter type="METHOD" missed="1" covered="0"/></method><method name="getDraft" desc="(Ljava/lang/String;Ljava/lang/String;)Ljakarta/ws/rs/core/Response;" line="53"><counter type="INSTRUCTION" missed="20" covered="0"/><counter type="BRANCH" missed="2" covered="0"/><counter type="LINE" missed="5" covered="0"/><counter type="COMPLEXITY" missed="2" covered="0"/><counter type="METHOD" missed="1" covered="0"/></method><method name="getReleased" desc="(Ljava/lang/String;Ljava/lang/String;)Ljakarta/ws/rs/core/Response;" line="68"><counter type="INSTRUCTION" missed="22" covered="0"/><counter type="BRANCH" missed="4" covered="0"/><counter type="LINE" missed="5" covered="0"/><counter type="COMPLEXITY" missed="3" covered="0"/><counter type="METHOD" missed="1" covered="0"/></method><method name="putDraft" desc="(Ljava/lang/String;Ljava/lang/String;[B)Ljakarta/ws/rs/core/Response;" line="84"><counter type="INSTRUCTION" missed="73" covered="0"/><counter type="BRANCH" missed="4" covered="0"/><counter type="LINE" missed="21" covered="0"/><counter type="COMPLEXITY" missed="3" covered="0"/><counter type="METHOD" missed="1" covered="0"/></method><method name="putReleased" desc="()Ljakarta/ws/rs/core/Response;" line="118"><counter type="INSTRUCTION" missed="6" covered="0"/><counter type="LINE" missed="1" covered="0"/><counter type="COMPLEXITY" missed="1" covered="0"/><counter type="METHOD" missed="1" covered="0"/></method><method name="optionsCollection" desc="()Ljakarta/ws/rs/core/Response;" line="129"><counter type="INSTRUCTION" missed="9" covered="0"/><counter type="LINE" missed="4" covered="0"/><counter type="COMPLEXITY" missed="1" covered="0"/><counter type="METHOD" missed="1" covered="0"/></method><method name="optionsReleasedCollection" desc="()Ljakarta/ws/rs/core/Response;" line="138"><counter type="INSTRUCTION" missed="9" covered="0"/><counter type="LINE" missed="4" covered="0"/><counter type="COMPLEXITY" missed="1" covered="0"/><counter type="METHOD" missed="1" covered="0"/></method><method name="propfind" desc="(Ljava/lang/String;)Ljakarta/ws/rs/core/Response;" line="148"><counter type="INSTRUCTION" missed="5" covered="0"/><counter type="LINE" missed="1" covered="0"/><counter type="COMPLEXITY" missed="1" covered="0"/><counter type="METHOD" missed="1" covered="0"/></method><method name="propfindFile" desc="(Ljava/lang/String;Ljava/lang/String;)Ljakarta/ws/rs/core/Response;" line="156"><counter type="INSTRUCTION" missed="24" covered="0"/><counter type="BRANCH" missed="2" covered="0"/><counter type="LINE" missed="5" covered="0"/><counter type="COMPLEXITY" missed="2" covered="0"/><counter type="METHOD" missed="1" covered="0"/></method><method name="propfindReleased" desc="(Ljava/lang/String;)Ljakarta/ws/rs/core/Response;" line="168"><counter type="INSTRUCTION" missed="5" covered="0"/><counter type="LINE" missed="1" covered="0"/><counter type="COMPLEXITY" missed="1" covered="0"/><counter type="METHOD" missed="1" covered="0"/></method><method name="propfindReleasedFile" desc="(Ljava/lang/String;Ljava/lang/String;)Ljakarta/ws/rs/core/Response;" line="176"><counter type="INSTRUCTION" missed="26" covered="0"/><counter type="BRANCH" missed="4" covered="0"/><counter type="LINE" missed="5" covered="0"/><counter type="COMPLEXITY" missed="3" covered="0"/><counter type="METHOD" missed="1" covered="0"/></method><method name="resolveType" desc="(Ljava/lang/String;)Lio/github/flaechsig/blocpress/workbench/entity/TemplateType;" line="187"><counter type="INSTRUCTION" missed="19" covered="0"/><counter type="BRANCH" missed="4" covered="0"/><counter type="LINE" missed="3" covered="0"/><counter type="COMPLEXITY" missed="3" covered="0"/><counter type="METHOD" missed="1" covered="0"/></method><method name="findLatestDraft" desc="(Ljava/lang/String;Lio/github/flaechsig/blocpress/workbench/entity/TemplateType;)Lio/github/flaechsig/blocpress/workbench/entity/Template;" line="196"><counter type="INSTRUCTION" missed="15" covered="0"/><counter type="LINE" missed="2" covered="0"/><counter type="COMPLEXITY" missed="1" covered="0"/><counter type="METHOD" missed="1" covered="0"/></method><method name="odtResponse" desc="(Lio/github/flaechsig/blocpress/workbench/entity/Template;)Ljakarta/ws/rs/core/Response;" line="202"><counter type="INSTRUCTION" missed="26" covered="0"/><counter type="LINE" missed="7" covered="0"/><counter type="COMPLEXITY" missed="1" covered="0"/><counter type="METHOD" missed="1" covered="0"/></method><method name="buildFilePropfind" desc="(Ljava/lang/String;Ljava/lang/String;Lio/github/flaechsig/blocpress/workbench/entity/Template;)Ljakarta/ws/rs/core/Response;" line="212"><counter type="INSTRUCTION" missed="23" covered="0"/><counter type="BRANCH" missed="2" covered="0"/><counter type="LINE" missed="6" covered="0"/><counter type="COMPLEXITY" missed="2" covered="0"/><counter type="METHOD" missed="1" covered="0"/></method><method name="buildPropfind" desc="(Ljava/lang/String;Z)Ljakarta/ws/rs/core/Response;" line="235"><counter type="INSTRUCTION" missed="213" covered="0"/><counter type="BRANCH" missed="8" covered="0"/><counter type="LINE" missed="44" covered="0"/><counter type="COMPLEXITY" missed="5" covered="0"/><counter type="METHOD" missed="1" covered="0"/></method><method name="lambda$buildPropfind$3" desc="(Lio/github/flaechsig/blocpress/workbench/entity/Template;Lio/github/flaechsig/blocpress/workbench/entity/Template;)I" line="254"><counter type="INSTRUCTION" missed="6" covered="0"/><counter type="LINE" missed="1" covered="0"/><counter type="COMPLEXITY" missed="1" covered="0"/><counter type="METHOD" missed="1" covered="0"/></method><method name="lambda$buildPropfind$2" desc="(Lio/github/flaechsig/blocpress/workbench/entity/Template;Lio/github/flaechsig/blocpress/workbench/entity/Template;)Lio/github/flaechsig/blocpress/workbench/entity/Template;" line="251"><counter type="INSTRUCTION" missed="11" covered="0"/><counter type="BRANCH" missed="2" covered="0"/><counter type="LINE" missed="1" covered="0"/><counter type="COMPLEXITY" missed="2" covered="0"/><counter type="METHOD" missed="1" covered="0"/></method><method name="lambda$buildPropfind$1" desc="(Lio/github/flaechsig/blocpress/workbench/entity/Template;)Lio/github/flaechsig/blocpress/workbench/entity/Template;" line="250"><counter type="INSTRUCTION" missed="2" covered="0"/><counter type="LINE" missed="1" covered="0"/><counter type="COMPLEXITY" missed="1" covered="0"/><counter type="METHOD" missed="1" covered="0"/></method><method name="lambda$buildPropfind$0" desc="(Lio/github/flaechsig/blocpress/workbench/entity/Template;)Ljava/lang/String;" line="249"><counter type="INSTRUCTION" missed="3" covered="0"/><counter type="LINE" missed="1" covered="0"/><counter type="COMPLEXITY" missed="1" covered="0"/><counter type="METHOD" missed="1" covered="0"/></method><counter type="INSTRUCTION" missed="529" covered="0"/><counter type="BRANCH" missed="32" covered="0"/><counter type="LINE" missed="122" covered="0"/><counter type="COMPLEXITY" missed="37" covered="0"/><counter type="METHOD" missed="21" covered="0"/><counter type="CLASS" missed="1" covered="0"/></class><class name="io/github/flaechsig/blocpress/workbench/TemplateResource$TemplateSummary" sourcefilename="TemplateResource.java"><method name="&lt;init&gt;" desc="(Ljava/util/UUID;Ljava/lang/String;Ljava/time/LocalDateTime;Lio/github/flaechsig/blocpress/workbench/entity/TemplateStatus;ZLio/github/flaechsig/blocpress/workbench/entity/TemplateType;Ljava/lang/Integer;)V" line="981"><counter type="INSTRUCTION" missed="0" covered="24"/><counter type="LINE" missed="0" covered="1"/><counter type="COMPLEXITY" missed="0" covered="1"/><counter type="METHOD" missed="0" covered="1"/></method><counter type="INSTRUCTION" missed="0" covered="24"/><counter type="LINE" missed="0" covered="1"/><counter type="COMPLEXITY" missed="0" covered="1"/><counter type="METHOD" missed="0" covered="1"/><counter type="CLASS" missed="0" covered="1"/></class><class name="io/github/flaechsig/blocpress/workbench/TemplateResource$IgnoredPatternsRequest" sourcefilename="TemplateResource.java"><method name="&lt;init&gt;" desc="(Ljava/util/List;)V" line="978"><counter type="INSTRUCTION" missed="6" covered="0"/><counter type="LINE" missed="1" covered="0"/><counter type="COMPLEXITY" missed="1" covered="0"/><counter type="METHOD" missed="1" covered="0"/></method><counter type="INSTRUCTION" missed="6" covered="0"/><counter type="LINE" missed="1" covered="0"/><counter type="COMPLEXITY" missed="1" covered="0"/><counter type="METHOD" missed="1" covered="0"/><counter type="CLASS" missed="1" covered="0"/></class><class name="io/github/flaechsig/blocpress/workbench/TemplateResource$TemplateDetails" sourcefilename="TemplateResource.java"><method name="&lt;init&gt;" desc="(Ljava/util/UUID;Ljava/lang/String;Ljava/time/LocalDateTime;Lio/github/flaechsig/blocpress/workbench/entity/TemplateStatus;Lio/github/flaechsig/blocpress/workbench/entity/ValidationResult;Ljava/util/List;Ljava/lang/String;Ljava/time/LocalDateTime;)V" line="983"><counter type="INSTRUCTION" missed="0" covered="27"/><counter type="LINE" missed="0" covered="1"/><counter type="COMPLEXITY" missed="0" covered="1"/><counter type="METHOD" missed="0" covered="1"/></method><counter type="INSTRUCTION" missed="0" covered="27"/><counter type="LINE" missed="0" covered="1"/><counter type="COMPLEXITY" missed="0" covered="1"/><counter type="METHOD" missed="0" covered="1"/><counter type="CLASS" missed="0" covered="1"/></class><class name="io/github/flaechsig/blocpress/workbench/TemplateResource$CreateTestDataSetRequest" sourcefilename="TemplateResource.java"><method name="&lt;init&gt;" desc="(Ljava/lang/String;Lcom/fasterxml/jackson/databind/JsonNode;)V" line="1001"><counter type="INSTRUCTION" missed="0" covered="9"/><counter type="LINE" missed="0" covered="1"/><counter type="COMPLEXITY" missed="0" covered="1"/><counter type="METHOD" missed="0" covered="1"/></method><counter type="INSTRUCTION" missed="0" covered="9"/><counter type="LINE" missed="0" covered="1"/><counter type="COMPLEXITY" missed="0" covered="1"/><counter type="METHOD" missed="0" covered="1"/><counter type="CLASS" missed="0" covered="1"/></class><class name="io/github/flaechsig/blocpress/workbench/RenderImportClient$ImportRequest" sourcefilename="RenderImportClient.java"><method name="&lt;init&gt;" desc="(Ljava/util/UUID;Ljava/lang/String;Ljava/lang/Integer;Ljava/lang/String;Ljava/time/LocalDateTime;)V" line="47"><counter type="INSTRUCTION" missed="18" covered="0"/><counter type="LINE" missed="1" covered="0"/><counter type="COMPLEXITY" missed="1" covered="0"/><counter type="METHOD" missed="1" covered="0"/></method><counter type="INSTRUCTION" missed="18" covered="0"/><counter type="LINE" missed="1" covered="0"/><counter type="COMPLEXITY" missed="1" covered="0"/><counter type="METHOD" missed="1" covered="0"/><counter type="CLASS" missed="1" covered="0"/></class><class name="io/github/flaechsig/blocpress/workbench/SearchResource$SearchResult" sourcefilename="SearchResource.java"><method name="&lt;init&gt;" desc="(JLjava/util/List;)V" line="88"><counter type="INSTRUCTION" missed="0" covered="9"/><counter type="LINE" missed="0" covered="1"/><counter type="COMPLEXITY" missed="0" covered="1"/><counter type="METHOD" missed="0" covered="1"/></method><counter type="INSTRUCTION" missed="0" covered="9"/><counter type="LINE" missed="0" covered="1"/><counter type="COMPLEXITY" missed="0" covered="1"/><counter type="METHOD" missed="0" covered="1"/><counter type="CLASS" missed="0" covered="1"/></class><class name="io/github/flaechsig/blocpress/workbench/TemplateResource$StatusUpdateRequest" sourcefilename="TemplateResource.java"><method name="&lt;init&gt;" desc="(Lio/github/flaechsig/blocpress/workbench/entity/TemplateStatus;)V" line="994"><counter type="INSTRUCTION" missed="0" covered="6"/><counter type="LINE" missed="0" covered="1"/><counter type="COMPLEXITY" missed="0" covered="1"/><counter type="METHOD" missed="0" covered="1"/></method><counter type="INSTRUCTION" missed="0" covered="6"/><counter type="LINE" missed="0" covered="1"/><counter type="COMPLEXITY" missed="0" covered="1"/><counter type="METHOD" missed="0" covered="1"/><counter type="CLASS" missed="0" covered="1"/></class><class name="io/github/flaechsig/blocpress/workbench/TemplateResource$DuplicateRequest" sourcefilename="TemplateResource.java"><method name="&lt;init&gt;" desc="(Ljava/lang/String;)V" line="997"><counter type="INSTRUCTION" missed="0" covered="6"/><counter type="LINE" missed="0" covered="1"/><counter type="COMPLEXITY" missed="0" covered="1"/><counter type="METHOD" missed="0" covered="1"/></method><counter type="INSTRUCTION" missed="0" covered="6"/><counter type="LINE" missed="0" covered="1"/><counter type="COMPLEXITY" missed="0" covered="1"/><counter type="METHOD" missed="0" covered="1"/><counter type="CLASS" missed="0" covered="1"/></class><class name="io/github/flaechsig/blocpress/workbench/TemplateResource" sourcefilename="TemplateResource.java"><method name="&lt;init&gt;" desc="()V" line="52"><counter type="INSTRUCTION" missed="0" covered="3"/><counter type="LINE" missed="0" covered="1"/><counter type="COMPLEXITY" missed="0" covered="1"/><counter type="METHOD" missed="0" covered="1"/></method><method name="upload" desc="(Ljava/lang/String;Lorg/jboss/resteasy/reactive/multipart/FileUpload;Ljava/lang/String;)Ljakarta/ws/rs/core/Response;" line="81"><counter type="INSTRUCTION" missed="2" covered="111"/><counter type="BRANCH" missed="1" covered="7"/><counter type="LINE" missed="0" covered="26"/><counter type="COMPLEXITY" missed="1" covered="4"/><counter type="METHOD" missed="0" covered="1"/></method><method name="list" desc="(Lio/github/flaechsig/blocpress/workbench/entity/TemplateType;)Ljava/util/List;" line="123"><counter type="INSTRUCTION" missed="15" covered="91"/><counter type="BRANCH" missed="4" covered="8"/><counter type="LINE" missed="1" covered="19"/><counter type="COMPLEXITY" missed="4" covered="3"/><counter type="METHOD" missed="0" covered="1"/></method><method name="toSummary" desc="(Lio/github/flaechsig/blocpress/workbench/entity/Template;)Lio/github/flaechsig/blocpress/workbench/TemplateResource$TemplateSummary;" line="155"><counter type="INSTRUCTION" missed="0" covered="26"/><counter type="BRANCH" missed="0" covered="4"/><counter type="LINE" missed="0" covered="2"/><counter type="COMPLEXITY" missed="0" covered="3"/><counter type="METHOD" missed="0" covered="1"/></method><method name="download" desc="(Ljava/util/UUID;)Ljakarta/ws/rs/core/Response;" line="163"><counter type="INSTRUCTION" missed="0" covered="21"/><counter type="BRANCH" missed="0" covered="2"/><counter type="LINE" missed="0" covered="6"/><counter type="COMPLEXITY" missed="0" covered="2"/><counter type="METHOD" missed="0" covered="1"/></method><method name="getTemplateContent" desc="(Ljava/util/UUID;)Ljakarta/ws/rs/core/Response;" line="176"><counter type="INSTRUCTION" missed="0" covered="48"/><counter type="BRANCH" missed="0" covered="4"/><counter type="LINE" missed="0" covered="11"/><counter type="COMPLEXITY" missed="0" covered="3"/><counter type="METHOD" missed="0" covered="1"/></method><method name="getTemplateContentByName" desc="(Ljava/lang/String;)Ljakarta/ws/rs/core/Response;" line="203"><counter type="INSTRUCTION" missed="29" covered="10"/><counter type="BRANCH" missed="3" covered="1"/><counter type="LINE" missed="6" covered="3"/><counter type="COMPLEXITY" missed="2" covered="1"/><counter type="METHOD" missed="0" covered="1"/></method><method name="getDetails" desc="(Ljava/util/UUID;)Lio/github/flaechsig/blocpress/workbench/TemplateResource$TemplateDetails;" line="220"><counter type="INSTRUCTION" missed="1" covered="35"/><counter type="BRANCH" missed="1" covered="3"/><counter type="LINE" missed="0" covered="5"/><counter type="COMPLEXITY" missed="1" covered="2"/><counter type="METHOD" missed="0" covered="1"/></method><method name="previewTemplate" desc="(Ljava/util/UUID;Lio/github/flaechsig/blocpress/workbench/TemplateResource$PreviewRequest;)Ljakarta/ws/rs/core/Response;" line="241"><counter type="INSTRUCTION" missed="36" covered="154"/><counter type="BRANCH" missed="3" covered="7"/><counter type="LINE" missed="7" covered="35"/><counter type="COMPLEXITY" missed="3" covered="3"/><counter type="METHOD" missed="0" covered="1"/></method><method name="submitForApproval" desc="(Ljava/util/UUID;)Ljakarta/ws/rs/core/Response;" line="303"><counter type="INSTRUCTION" missed="0" covered="55"/><counter type="BRANCH" missed="1" covered="7"/><counter type="LINE" missed="0" covered="13"/><counter type="COMPLEXITY" missed="1" covered="4"/><counter type="METHOD" missed="0" covered="1"/></method><method name="reject" desc="(Ljava/util/UUID;Lio/github/flaechsig/blocpress/workbench/TemplateResource$RejectRequest;)Ljakarta/ws/rs/core/Response;" line="339"><counter type="INSTRUCTION" missed="46" covered="0"/><counter type="BRANCH" missed="4" covered="0"/><counter type="LINE" missed="10" covered="0"/><counter type="COMPLEXITY" missed="3" covered="0"/><counter type="METHOD" missed="1" covered="0"/></method><method name="delete" desc="(Ljava/util/UUID;)Ljakarta/ws/rs/core/Response;" line="361"><counter type="INSTRUCTION" missed="0" covered="21"/><counter type="BRANCH" missed="0" covered="2"/><counter type="LINE" missed="0" covered="6"/><counter type="COMPLEXITY" missed="0" covered="2"/><counter type="METHOD" missed="0" covered="1"/></method><method name="updateStatus" desc="(Ljava/util/UUID;Lio/github/flaechsig/blocpress/workbench/TemplateResource$StatusUpdateRequest;)Ljakarta/ws/rs/core/Response;" line="375"><counter type="INSTRUCTION" missed="104" covered="81"/><counter type="BRANCH" missed="9" covered="7"/><counter type="LINE" missed="25" covered="17"/><counter type="COMPLEXITY" missed="6" covered="3"/><counter type="METHOD" missed="0" covered="1"/></method><method name="duplicate" desc="(Ljava/util/UUID;Lio/github/flaechsig/blocpress/workbench/TemplateResource$DuplicateRequest;)Ljakarta/ws/rs/core/Response;" line="452"><counter type="INSTRUCTION" missed="7" covered="111"/><counter type="BRANCH" missed="2" covered="6"/><counter type="LINE" missed="1" covered="26"/><counter type="COMPLEXITY" missed="2" covered="3"/><counter type="METHOD" missed="0" covered="1"/></method><method name="updateContent" desc="(Ljava/util/UUID;Lorg/jboss/resteasy/reactive/multipart/FileUpload;)Ljakarta/ws/rs/core/Response;" line="509"><counter type="INSTRUCTION" missed="64" covered="0"/><counter type="BRANCH" missed="4" covered="0"/><counter type="LINE" missed="15" covered="0"/><counter type="COMPLEXITY" missed="3" covered="0"/><counter type="METHOD" missed="1" covered="0"/></method><method name="isValidTransition" desc="(Lio/github/flaechsig/blocpress/workbench/entity/TemplateStatus;Lio/github/flaechsig/blocpress/workbench/entity/TemplateStatus;)Z" line="541"><counter type="INSTRUCTION" missed="23" covered="16"/><counter type="BRANCH" missed="12" covered="4"/><counter type="LINE" missed="2" covered="3"/><counter type="COMPLEXITY" missed="8" covered="2"/><counter type="METHOD" missed="0" covered="1"/></method><method name="listTestDataSets" desc="(Ljava/util/UUID;)Ljava/util/List;" line="554"><counter type="INSTRUCTION" missed="0" covered="20"/><counter type="BRANCH" missed="0" covered="2"/><counter type="LINE" missed="0" covered="7"/><counter type="COMPLEXITY" missed="0" covered="2"/><counter type="METHOD" missed="0" covered="1"/></method><method name="getTestDataSet" desc="(Ljava/util/UUID;Ljava/util/UUID;)Lio/github/flaechsig/blocpress/workbench/TemplateResource$TestDataSetDTO;" line="568"><counter type="INSTRUCTION" missed="0" covered="31"/><counter type="BRANCH" missed="1" covered="5"/><counter type="LINE" missed="0" covered="7"/><counter type="COMPLEXITY" missed="1" covered="3"/><counter type="METHOD" missed="0" covered="1"/></method><method name="createTestDataSet" desc="(Ljava/util/UUID;Lio/github/flaechsig/blocpress/workbench/TemplateResource$CreateTestDataSetRequest;)Ljakarta/ws/rs/core/Response;" line="586"><counter type="INSTRUCTION" missed="0" covered="27"/><counter type="BRANCH" missed="0" covered="2"/><counter type="LINE" missed="0" covered="7"/><counter type="COMPLEXITY" missed="0" covered="2"/><counter type="METHOD" missed="0" covered="1"/></method><method name="updateTestDataSet" desc="(Ljava/util/UUID;Ljava/util/UUID;Lio/github/flaechsig/blocpress/workbench/TemplateResource$CreateTestDataSetRequest;)Ljakarta/ws/rs/core/Response;" line="604"><counter type="INSTRUCTION" missed="0" covered="25"/><counter type="BRANCH" missed="0" covered="2"/><counter type="LINE" missed="0" covered="5"/><counter type="COMPLEXITY" missed="0" covered="2"/><counter type="METHOD" missed="0" covered="1"/></method><method name="deleteTestDataSet" desc="(Ljava/util/UUID;Ljava/util/UUID;)Ljakarta/ws/rs/core/Response;" line="618"><counter type="INSTRUCTION" missed="0" covered="18"/><counter type="BRANCH" missed="0" covered="2"/><counter type="LINE" missed="0" covered="5"/><counter type="COMPLEXITY" missed="0" covered="2"/><counter type="METHOD" missed="0" covered="1"/></method><method name="saveExpectedPdf" desc="(Ljava/util/UUID;Ljava/util/UUID;[B)Ljakarta/ws/rs/core/Response;" line="634"><counter type="INSTRUCTION" missed="0" covered="27"/><counter type="BRANCH" missed="0" covered="2"/><counter type="LINE" missed="0" covered="7"/><counter type="COMPLEXITY" missed="0" covered="2"/><counter type="METHOD" missed="0" covered="1"/></method><method name="getExpectedPdf" desc="(Ljava/util/UUID;Ljava/util/UUID;)Ljakarta/ws/rs/core/Response;" line="650"><counter type="INSTRUCTION" missed="0" covered="22"/><counter type="BRANCH" missed="0" covered="2"/><counter type="LINE" missed="0" covered="6"/><counter type="COMPLEXITY" missed="0" covered="2"/><counter type="METHOD" missed="0" covered="1"/></method><method name="getCoverage" desc="(Ljava/util/UUID;)Lio/github/flaechsig/blocpress/workbench/service/CoverageAnalysisService$CoverageReport;" line="664"><counter type="INSTRUCTION" missed="16" covered="0"/><counter type="BRANCH" missed="2" covered="0"/><counter type="LINE" missed="4" covered="0"/><counter type="COMPLEXITY" missed="2" covered="0"/><counter type="METHOD" missed="1" covered="0"/></method><method name="runRegression" desc="(Ljava/util/UUID;Ljava/util/UUID;)Lio/github/flaechsig/blocpress/workbench/TemplateResource$RegressionResult;" line="676"><counter type="INSTRUCTION" missed="118" covered="0"/><counter type="BRANCH" missed="22" covered="0"/><counter type="LINE" missed="18" covered="0"/><counter type="COMPLEXITY" missed="12" covered="0"/><counter type="METHOD" missed="1" covered="0"/></method><method name="regressionDiff" desc="(Ljava/util/UUID;Ljava/util/UUID;)Ljakarta/ws/rs/core/Response;" line="708"><counter type="INSTRUCTION" missed="85" covered="0"/><counter type="BRANCH" missed="14" covered="0"/><counter type="LINE" missed="19" covered="0"/><counter type="COMPLEXITY" missed="8" covered="0"/><counter type="METHOD" missed="1" covered="0"/></method><method name="saveRenderedAsExpected" desc="(Ljava/util/UUID;Ljava/util/UUID;)Ljakarta/ws/rs/core/Response;" line="744"><counter type="INSTRUCTION" missed="60" covered="0"/><counter type="BRANCH" missed="10" covered="0"/><counter type="LINE" missed="13" covered="0"/><counter type="COMPLEXITY" missed="6" covered="0"/><counter type="METHOD" missed="1" covered="0"/></method><method name="runAllRegressions" desc="(Ljava/util/UUID;)Ljava/util/List;" line="766"><counter type="INSTRUCTION" missed="45" covered="0"/><counter type="BRANCH" missed="4" covered="0"/><counter type="LINE" missed="9" covered="0"/><counter type="COMPLEXITY" missed="3" covered="0"/><counter type="METHOD" missed="1" covered="0"/></method><method name="createFromSuggestion" desc="(Ljava/util/UUID;Lio/github/flaechsig/blocpress/workbench/service/CoverageAnalysisService$TestDataSuggestion;)Ljakarta/ws/rs/core/Response;" line="784"><counter type="INSTRUCTION" missed="27" covered="0"/><counter type="BRANCH" missed="2" covered="0"/><counter type="LINE" missed="7" covered="0"/><counter type="COMPLEXITY" missed="2" covered="0"/><counter type="METHOD" missed="1" covered="0"/></method><method name="regressionDiffPages" desc="(Ljava/util/UUID;Ljava/util/UUID;)Ljakarta/ws/rs/core/Response;" line="800"><counter type="INSTRUCTION" missed="86" covered="0"/><counter type="BRANCH" missed="14" covered="0"/><counter type="LINE" missed="19" covered="0"/><counter type="COMPLEXITY" missed="8" covered="0"/><counter type="METHOD" missed="1" covered="0"/></method><method name="updateIgnoredPatterns" desc="(Ljava/util/UUID;Lio/github/flaechsig/blocpress/workbench/TemplateResource$IgnoredPatternsRequest;)Ljakarta/ws/rs/core/Response;" line="831"><counter type="INSTRUCTION" missed="25" covered="0"/><counter type="BRANCH" missed="4" covered="0"/><counter type="LINE" missed="5" covered="0"/><counter type="COMPLEXITY" missed="3" covered="0"/><counter type="METHOD" missed="1" covered="0"/></method><method name="updateNotes" desc="(Ljava/util/UUID;Ljava/util/UUID;Lio/github/flaechsig/blocpress/workbench/TemplateResource$NotesRequest;)Ljakarta/ws/rs/core/Response;" line="847"><counter type="INSTRUCTION" missed="29" covered="0"/><counter type="BRANCH" missed="4" covered="0"/><counter type="LINE" missed="7" covered="0"/><counter type="COMPLEXITY" missed="3" covered="0"/><counter type="METHOD" missed="1" covered="0"/></method><method name="createNewDraft" desc="(Ljava/util/UUID;)Ljakarta/ws/rs/core/Response;" line="862"><counter type="INSTRUCTION" missed="151" covered="0"/><counter type="BRANCH" missed="8" covered="0"/><counter type="LINE" missed="28" covered="0"/><counter type="COMPLEXITY" missed="5" covered="0"/><counter type="METHOD" missed="1" covered="0"/></method><method name="mergedIgnoredPatterns" desc="(Lio/github/flaechsig/blocpress/workbench/entity/Template;Lio/github/flaechsig/blocpress/workbench/entity/TestDataSet;)Ljava/util/List;" line="904"><counter type="INSTRUCTION" missed="24" covered="0"/><counter type="BRANCH" missed="6" covered="0"/><counter type="LINE" missed="4" covered="0"/><counter type="COMPLEXITY" missed="4" covered="0"/><counter type="METHOD" missed="1" covered="0"/></method><method name="ignoreBlock" desc="(Ljava/util/UUID;Ljava/util/UUID;Lio/github/flaechsig/blocpress/workbench/TemplateResource$IgnoreBlockRequest;)Ljakarta/ws/rs/core/Response;" line="920"><counter type="INSTRUCTION" missed="94" covered="0"/><counter type="BRANCH" missed="20" covered="0"/><counter type="LINE" missed="17" covered="0"/><counter type="COMPLEXITY" missed="11" covered="0"/><counter type="METHOD" missed="1" covered="0"/></method><method name="renderPdf" desc="(Lio/github/flaechsig/blocpress/workbench/entity/Template;Lio/github/flaechsig/blocpress/workbench/entity/TestDataSet;)[B" line="946"><counter type="INSTRUCTION" missed="102" covered="0"/><counter type="BRANCH" missed="2" covered="0"/><counter type="LINE" missed="19" covered="0"/><counter type="COMPLEXITY" missed="2" covered="0"/><counter type="METHOD" missed="1" covered="0"/></method><method name="&lt;clinit&gt;" desc="()V" line="54"><counter type="INSTRUCTION" missed="0" covered="4"/><counter type="LINE" missed="0" covered="1"/><counter type="COMPLEXITY" missed="0" covered="1"/><counter type="METHOD" missed="0" covered="1"/></method><counter type="INSTRUCTION" missed="1189" covered="957"/><counter type="BRANCH" missed="157" covered="79"/><counter type="LINE" missed="236" covered="218"/><counter type="COMPLEXITY" missed="104" covered="52"/><counter type="METHOD" missed="15" covered="22"/><counter type="CLASS" missed="0" covered="1"/></class><class name="io/github/flaechsig/blocpress/workbench/TemplateResource$RegressionResult" sourcefilename="TemplateResource.java"><method name="&lt;init&gt;" desc="(Ljava/util/UUID;Ljava/lang/String;ZZZLjava/lang/String;)V" line="969"><counter type="INSTRUCTION" missed="21" covered="0"/><counter type="LINE" missed="1" covered="0"/><counter type="COMPLEXITY" missed="1" covered="0"/><counter type="METHOD" missed="1" covered="0"/></method><counter type="INSTRUCTION" missed="21" covered="0"/><counter type="LINE" missed="1" covered="0"/><counter type="COMPLEXITY" missed="1" covered="0"/><counter type="METHOD" missed="1" covered="0"/><counter type="CLASS" missed="1" covered="0"/></class><class name="io/github/flaechsig/blocpress/workbench/TemplateResource$RejectRequest" sourcefilename="TemplateResource.java"><method name="&lt;init&gt;" desc="(Ljava/lang/String;)V" line="995"><counter type="INSTRUCTION" missed="6" covered="0"/><counter type="LINE" missed="1" covered="0"/><counter type="COMPLEXITY" missed="1" covered="0"/><counter type="METHOD" missed="1" covered="0"/></method><counter type="INSTRUCTION" missed="6" covered="0"/><counter type="LINE" missed="1" covered="0"/><counter type="COMPLEXITY" missed="1" covered="0"/><counter type="METHOD" missed="1" covered="0"/><counter type="CLASS" missed="1" covered="0"/></class><class name="io/github/flaechsig/blocpress/workbench/TemplateResource$NotesRequest" sourcefilename="TemplateResource.java"><method name="&lt;init&gt;" desc="(Ljava/lang/String;)V" line="979"><counter type="INSTRUCTION" missed="6" covered="0"/><counter type="LINE" missed="1" covered="0"/><counter type="COMPLEXITY" missed="1" covered="0"/><counter type="METHOD" missed="1" covered="0"/></method><counter type="INSTRUCTION" missed="6" covered="0"/><counter type="LINE" missed="1" covered="0"/><counter type="COMPLEXITY" missed="1" covered="0"/><counter type="METHOD" missed="1" covered="0"/><counter type="CLASS" missed="1" covered="0"/></class><class name="io/github/flaechsig/blocpress/workbench/TemplateResource$PreviewRequest" sourcefilename="TemplateResource.java"><method name="&lt;init&gt;" desc="(Ljava/lang/Object;Ljava/lang/String;)V" line="999"><counter type="INSTRUCTION" missed="0" covered="9"/><counter type="LINE" missed="0" covered="1"/><counter type="COMPLEXITY" missed="0" covered="1"/><counter type="METHOD" missed="0" covered="1"/></method><counter type="INSTRUCTION" missed="0" covered="9"/><counter type="LINE" missed="0" covered="1"/><counter type="COMPLEXITY" missed="0" covered="1"/><counter type="METHOD" missed="0" covered="1"/><counter type="CLASS" missed="0" covered="1"/></class><class name="io/github/flaechsig/blocpress/workbench/TemplateResource$TestDataSetDTO" sourcefilename="TemplateResource.java"><method name="&lt;init&gt;" desc="(Ljava/util/UUID;Ljava/lang/String;Lcom/fasterxml/jackson/databind/JsonNode;ZLjava/lang/String;Ljava/time/Instant;Ljava/time/Instant;Ljava/lang/String;)V" line="1003"><counter type="INSTRUCTION" missed="0" covered="27"/><counter type="LINE" missed="0" covered="1"/><counter type="COMPLEXITY" missed="0" covered="1"/><counter type="METHOD" missed="0" covered="1"/></method><method name="fromEntity" desc="(Lio/github/flaechsig/blocpress/workbench/entity/TestDataSet;)Lio/github/flaechsig/blocpress/workbench/TemplateResource$TestDataSetDTO;" line="1014"><counter type="INSTRUCTION" missed="2" covered="22"/><counter type="BRANCH" missed="1" covered="1"/><counter type="LINE" missed="0" covered="1"/><counter type="COMPLEXITY" missed="1" covered="1"/><counter type="METHOD" missed="0" covered="1"/></method><counter type="INSTRUCTION" missed="2" covered="49"/><counter type="BRANCH" missed="1" covered="1"/><counter type="LINE" missed="0" covered="2"/><counter type="COMPLEXITY" missed="1" covered="2"/><counter type="METHOD" missed="0" covered="2"/><counter type="CLASS" missed="0" covered="1"/></class><class name="io/github/flaechsig/blocpress/workbench/SearchResource" sourcefilename="SearchResource.java"><method name="&lt;init&gt;" desc="()V" line="19"><counter type="INSTRUCTION" missed="0" covered="3"/><counter type="LINE" missed="0" covered="1"/><counter type="COMPLEXITY" missed="0" covered="1"/><counter type="METHOD" missed="0" covered="1"/></method><method name="search" desc="(Ljava/lang/String;Ljava/lang/String;Ljava/lang/String;II)Lio/github/flaechsig/blocpress/workbench/SearchResource$SearchResult;" line="45"><counter type="INSTRUCTION" missed="6" covered="31"/><counter type="BRANCH" missed="3" covered="5"/><counter type="LINE" missed="1" covered="5"/><counter type="COMPLEXITY" missed="3" covered="2"/><counter type="METHOD" missed="0" covered="1"/></method><method name="parseResponse" desc="(Ljava/lang/String;)Lio/github/flaechsig/blocpress/workbench/SearchResource$SearchResult;" line="59"><counter type="INSTRUCTION" missed="7" covered="96"/><counter type="BRANCH" missed="0" covered="2"/><counter type="LINE" missed="2" covered="17"/><counter type="COMPLEXITY" missed="0" covered="2"/><counter type="METHOD" missed="0" covered="1"/></method><method name="lambda$parseResponse$1" desc="(Lcom/fasterxml/jackson/databind/JsonNode;Ljava/util/Map;Ljava/lang/String;)V" line="75"><counter type="INSTRUCTION" missed="0" covered="16"/><counter type="LINE" missed="0" covered="4"/><counter type="COMPLEXITY" missed="0" covered="1"/><counter type="METHOD" missed="0" covered="1"/></method><method name="lambda$parseResponse$0" desc="(Ljava/util/List;Lcom/fasterxml/jackson/databind/JsonNode;)V" line="76"><counter type="INSTRUCTION" missed="0" covered="6"/><counter type="LINE" missed="0" covered="1"/><counter type="COMPLEXITY" missed="0" covered="1"/><counter type="METHOD" missed="0" covered="1"/></method><counter type="INSTRUCTION" missed="13" covered="152"/><counter type="BRANCH" missed="3" covered="7"/><counter type="LINE" missed="3" covered="27"/><counter type="COMPLEXITY" missed="3" covered="7"/><counter type="METHOD" missed="0" covered="5"/><counter type="CLASS" missed="0" covered="1"/></class><class name="io/github/flaechsig/blocpress/workbench/RenderImportClient" sourcefilename="RenderImportClient.java"/><sourcefile name="WebDavResource.java"><line nr="32" mi="3" ci="0" mb="0" cb="0"/><line nr="40" mi="4" ci="0" mb="0" cb="0"/><line nr="41" mi="3" ci="0" mb="0" cb="0"/><line nr="42" mi="1" ci="0" mb="0" cb="0"/><line nr="43" mi="1" ci="0" mb="0" cb="0"/><line nr="53" mi="4" ci="0" mb="0" cb="0"/><line nr="54" mi="5" ci="0" mb="0" cb="0"/><line nr="55" mi="2" ci="0" mb="2" cb="0"/><line nr="56" mi="5" ci="0" mb="0" cb="0"/><line nr="58" mi="4" ci="0" mb="0" cb="0"/><line nr="68" mi="4" ci="0" mb="0" cb="0"/><line nr="69" mi="3" ci="0" mb="0" cb="0"/><line nr="70" mi="6" ci="0" mb="4" cb="0"/><line nr="71" mi="5" ci="0" mb="0" cb="0"/><line nr="73" mi="4" ci="0" mb="0" cb="0"/><line nr="84" mi="4" ci="0" mb="0" cb="0"/><line nr="85" mi="5" ci="0" mb="0" cb="0"/><line nr="86" mi="2" ci="0" mb="2" cb="0"/><line nr="88" mi="4" ci="0" mb="0" cb="0"/><line nr="89" mi="3" ci="0" mb="0" cb="0"/><line nr="90" mi="3" ci="0" mb="0" cb="0"/><line nr="91" mi="3" ci="0" mb="0" cb="0"/><line nr="92" mi="4" ci="0" mb="0" cb="0"/><line nr="93" mi="3" ci="0" mb="0" cb="0"/><line nr="94" mi="3" ci="0" mb="0" cb="0"/><line nr="95" mi="3" ci="0" mb="0" cb="0"/><line nr="96" mi="2" ci="0" mb="0" cb="0"/><line nr="97" mi="3" ci="0" mb="0" cb="0"/><line nr="98" mi="11" ci="0" mb="0" cb="0"/><line nr="99" mi="1" ci="0" mb="0" cb="0"/><line nr="100" mi="1" ci="0" mb="0" cb="0"/><line nr="102" mi="4" ci="0" mb="2" cb="0"/><line nr="103" mi="6" ci="0" mb="0" cb="0"/><line nr="108" mi="3" ci="0" mb="0" cb="0"/><line nr="109" mi="2" ci="0" mb="0" cb="0"/><line nr="110" mi="3" ci="0" mb="0" cb="0"/><line nr="118" mi="6" ci="0" mb="0" cb="0"/><line nr="129" mi="4" ci="0" mb="0" cb="0"/><line nr="130" mi="3" ci="0" mb="0" cb="0"/><line nr="131" mi="1" ci="0" mb="0" cb="0"/><line nr="132" mi="1" ci="0" mb="0" cb="0"/><line nr="138" mi="4" ci="0" mb="0" cb="0"/><line nr="139" mi="3" ci="0" mb="0" cb="0"/><line nr="140" mi="1" ci="0" mb="0" cb="0"/><line nr="141" mi="1" ci="0" mb="0" cb="0"/><line nr="148" mi="5" ci="0" mb="0" cb="0"/><line nr="156" mi="4" ci="0" mb="0" cb="0"/><line nr="157" mi="5" ci="0" mb="0" cb="0"/><line nr="158" mi="2" ci="0" mb="2" cb="0"/><line nr="159" mi="5" ci="0" mb="0" cb="0"/><line nr="161" mi="8" ci="0" mb="0" cb="0"/><line nr="168" mi="5" ci="0" mb="0" cb="0"/><line nr="176" mi="4" ci="0" mb="0" cb="0"/><line nr="177" mi="3" ci="0" mb="0" cb="0"/><line nr="178" mi="6" ci="0" mb="4" cb="0"/><line nr="179" mi="5" ci="0" mb="0" cb="0"/><line nr="181" mi="8" ci="0" mb="0" cb="0"/><line nr="187" mi="6" ci="0" mb="2" cb="0"/><line nr="188" mi="6" ci="0" mb="2" cb="0"/><line nr="189" mi="7" ci="0" mb="0" cb="0"/><line nr="196" mi="13" ci="0" mb="0" cb="0"/><line nr="198" mi="2" ci="0" mb="0" cb="0"/><line nr="202" mi="5" ci="0" mb="0" cb="0"/><line nr="203" mi="5" ci="0" mb="0" cb="0"/><line nr="204" mi="4" ci="0" mb="0" cb="0"/><line nr="205" mi="4" ci="0" mb="0" cb="0"/><line nr="206" mi="5" ci="0" mb="0" cb="0"/><line nr="207" mi="2" ci="0" mb="0" cb="0"/><line nr="208" mi="1" ci="0" mb="0" cb="0"/><line nr="212" mi="10" ci="0" mb="2" cb="0"/><line nr="213" mi="5" ci="0" mb="0" cb="0"/><line nr="228" mi="4" ci="0" mb="0" cb="0"/><line nr="229" mi="2" ci="0" mb="0" cb="0"/><line nr="230" mi="1" ci="0" mb="0" cb="0"/><line nr="231" mi="1" ci="0" mb="0" cb="0"/><line nr="235" mi="4" ci="0" mb="0" cb="0"/><line nr="236" mi="8" ci="0" mb="2" cb="0"/><line nr="239" mi="2" ci="0" mb="2" cb="0"/><line nr="240" mi="12" ci="0" mb="0" cb="0"/><line nr="242" mi="3" ci="0" mb="0" cb="0"/><line nr="245" mi="8" ci="0" mb="0" cb="0"/><line nr="247" mi="5" ci="0" mb="0" cb="0"/><line nr="248" mi="3" ci="0" mb="0" cb="0"/><line nr="249" mi="3" ci="0" mb="0" cb="0"/><line nr="250" mi="2" ci="0" mb="0" cb="0"/><line nr="251" mi="11" ci="0" mb="2" cb="0"/><line nr="253" mi="3" ci="0" mb="0" cb="0"/><line nr="254" mi="7" ci="0" mb="0" cb="0"/><line nr="255" mi="2" ci="0" mb="0" cb="0"/><line nr="258" mi="4" ci="0" mb="0" cb="0"/><line nr="259" mi="4" ci="0" mb="0" cb="0"/><line nr="260" mi="4" ci="0" mb="0" cb="0"/><line nr="262" mi="4" ci="0" mb="0" cb="0"/><line nr="263" mi="8" ci="0" mb="0" cb="0"/><line nr="264" mi="4" ci="0" mb="0" cb="0"/><line nr="265" mi="4" ci="0" mb="0" cb="0"/><line nr="266" mi="8" ci="0" mb="0" cb="0"/><line nr="267" mi="4" ci="0" mb="0" cb="0"/><line nr="268" mi="4" ci="0" mb="0" cb="0"/><line nr="269" mi="4" ci="0" mb="0" cb="0"/><line nr="270" mi="4" ci="0" mb="0" cb="0"/><line nr="271" mi="4" ci="0" mb="0" cb="0"/><line nr="272" mi="10" ci="0" mb="2" cb="0"/><line nr="273" mi="10" ci="0" mb="2" cb="0"/><line nr="274" mi="4" ci="0" mb="0" cb="0"/><line nr="275" mi="11" ci="0" mb="0" cb="0"/><line nr="276" mi="4" ci="0" mb="0" cb="0"/><line nr="277" mi="4" ci="0" mb="0" cb="0"/><line nr="278" mi="9" ci="0" mb="0" cb="0"/><line nr="279" mi="8" ci="0" mb="0" cb="0"/><line nr="280" mi="8" ci="0" mb="0" cb="0"/><line nr="281" mi="4" ci="0" mb="0" cb="0"/><line nr="282" mi="4" ci="0" mb="0" cb="0"/><line nr="283" mi="4" ci="0" mb="0" cb="0"/><line nr="284" mi="4" ci="0" mb="0" cb="0"/><line nr="285" mi="4" ci="0" mb="0" cb="0"/><line nr="286" mi="1" ci="0" mb="0" cb="0"/><line nr="287" mi="4" ci="0" mb="0" cb="0"/><line nr="289" mi="4" ci="0" mb="0" cb="0"/><line nr="290" mi="2" ci="0" mb="0" cb="0"/><line nr="291" mi="2" ci="0" mb="0" cb="0"/><line nr="292" mi="1" ci="0" mb="0" cb="0"/><counter type="INSTRUCTION" missed="529" covered="0"/><counter type="BRANCH" missed="32" covered="0"/><counter type="LINE" missed="122" covered="0"/><counter type="COMPLEXITY" missed="37" covered="0"/><counter type="METHOD" missed="21" covered="0"/><counter type="CLASS" missed="1" covered="0"/></sourcefile><sourcefile name="PROPFIND.java"/><sourcefile name="SearchResource.java"><line nr="19" mi="0" ci="3" mb="0" cb="0"/><line nr="45" mi="0" ci="9" mb="2" cb="4"/><line nr="46" mi="0" ci="6" mb="0" cb="0"/><line nr="49" mi="0" ci="10" mb="0" cb="0"/><line nr="50" mi="0" ci="2" mb="1" cb="1"/><line nr="51" mi="6" ci="0" mb="0" cb="0"/><line nr="54" mi="0" ci="4" mb="0" cb="0"/><line nr="59" mi="0" ci="5" mb="0" cb="0"/><line nr="60" mi="0" ci="4" mb="0" cb="0"/><line nr="61" mi="0" ci="8" mb="0" cb="0"/><line nr="63" mi="0" ci="4" mb="0" cb="0"/><line nr="64" mi="0" ci="12" mb="0" cb="2"/><line nr="65" mi="0" ci="4" mb="0" cb="0"/><line nr="66" mi="0" ci="5" mb="0" cb="0"/><line nr="67" mi="0" ci="5" mb="0" cb="0"/><line nr="68" mi="0" ci="5" mb="0" cb="0"/><line nr="69" mi="0" ci="5" mb="0" cb="0"/><line nr="70" mi="0" ci="5" mb="0" cb="0"/><line nr="72" mi="0" ci="4" mb="0" cb="0"/><line nr="73" mi="0" ci="4" mb="0" cb="0"/><line nr="74" mi="0" ci="6" mb="0" cb="0"/><line nr="75" mi="0" ci="4" mb="0" cb="0"/><line nr="76" mi="0" ci="12" mb="0" cb="0"/><line nr="77" mi="0" ci="5" mb="0" cb="0"/><line nr="78" mi="0" ci="1" mb="0" cb="0"/><line nr="80" mi="0" ci="13" mb="0" cb="0"/><line nr="81" mi="0" ci="1" mb="0" cb="0"/><line nr="82" mi="0" ci="6" mb="0" cb="0"/><line nr="83" mi="1" ci="0" mb="0" cb="0"/><line nr="84" mi="6" ci="0" mb="0" cb="0"/><line nr="88" mi="0" ci="9" mb="0" cb="0"/><line nr="90" mi="0" ci="21" mb="0" cb="0"/><counter type="INSTRUCTION" missed="13" covered="182"/><counter type="BRANCH" missed="3" covered="7"/><counter type="LINE" missed="3" covered="29"/><counter type="COMPLEXITY" missed="3" covered="9"/><counter type="METHOD" missed="0" covered="7"/><counter type="CLASS" missed="0" covered="3"/></sourcefile><sourcefile name="TemplateResource.java"><line nr="52" mi="0" ci="3" mb="0" cb="0"/><line nr="54" mi="0" ci="4" mb="0" cb="0"/><line nr="81" mi="0" ci="5" mb="0" cb="4"/><line nr="82" mi="0" ci="6" mb="0" cb="0"/><line nr="85" mi="2" ci="6" mb="1" cb="1"/><line nr="87" mi="0" ci="4" mb="0" cb="0"/><line nr="88" mi="0" ci="5" mb="0" cb="0"/><line nr="91" mi="0" ci="3" mb="0" cb="0"/><line nr="92" mi="0" ci="13" mb="0" cb="0"/><line nr="93" mi="0" ci="3" mb="0" cb="0"/><line nr="94" mi="0" ci="2" mb="0" cb="2"/><line nr="95" mi="0" ci="7" mb="0" cb="0"/><line nr="98" mi="0" ci="4" mb="0" cb="0"/><line nr="99" mi="0" ci="4" mb="0" cb="0"/><line nr="100" mi="0" ci="3" mb="0" cb="0"/><line nr="101" mi="0" ci="3" mb="0" cb="0"/><line nr="102" mi="0" ci="3" mb="0" cb="0"/><line nr="103" mi="0" ci="3" mb="0" cb="0"/><line nr="104" mi="0" ci="3" mb="0" cb="0"/><line nr="105" mi="0" ci="3" mb="0" cb="0"/><line nr="106" mi="0" ci="2" mb="0" cb="0"/><line nr="107" mi="0" ci="4" mb="0" cb="0"/><line nr="109" mi="0" ci="14" mb="0" cb="0"/><line nr="110" mi="0" ci="2" mb="0" cb="0"/><line nr="114" mi="0" ci="4" mb="0" cb="0"/><line nr="115" mi="0" ci="3" mb="0" cb="0"/><line nr="116" mi="0" ci="1" mb="0" cb="0"/><line nr="118" mi="0" ci="1" mb="0" cb="0"/><line nr="123" mi="2" ci="4" mb="1" cb="1"/><line nr="125" mi="0" ci="8" mb="0" cb="0"/><line nr="127" mi="0" ci="2" mb="0" cb="0"/><line nr="130" mi="0" ci="4" mb="0" cb="0"/><line nr="131" mi="0" ci="4" mb="0" cb="0"/><line nr="132" mi="0" ci="10" mb="0" cb="2"/><line nr="133" mi="0" ci="4" mb="1" cb="1"/><line nr="134" mi="7" ci="0" mb="0" cb="0"/><line nr="136" mi="0" ci="6" mb="0" cb="0"/><line nr="138" mi="0" ci="1" mb="0" cb="0"/><line nr="141" mi="0" ci="6" mb="0" cb="0"/><line nr="142" mi="0" ci="5" mb="0" cb="0"/><line nr="144" mi="0" ci="4" mb="0" cb="0"/><line nr="145" mi="0" ci="10" mb="0" cb="2"/><line nr="146" mi="0" ci="5" mb="0" cb="0"/><line nr="147" mi="0" ci="5" mb="0" cb="0"/><line nr="148" mi="0" ci="8" mb="1" cb="1"/><line nr="149" mi="6" ci="2" mb="1" cb="1"/><line nr="150" mi="0" ci="1" mb="0" cb="0"/><line nr="151" mi="0" ci="2" mb="0" cb="0"/><line nr="155" mi="0" ci="16" mb="0" cb="2"/><line nr="156" mi="0" ci="10" mb="0" cb="2"/><line nr="163" mi="0" ci="4" mb="0" cb="0"/><line nr="164" mi="0" ci="2" mb="0" cb="2"/><line nr="165" mi="0" ci="5" mb="0" cb="0"/><line nr="167" mi="0" ci="8" mb="0" cb="0"/><line nr="168" mi="0" ci="1" mb="0" cb="0"/><line nr="169" mi="0" ci="1" mb="0" cb="0"/><line nr="176" mi="0" ci="4" mb="0" cb="0"/><line nr="177" mi="0" ci="2" mb="0" cb="2"/><line nr="178" mi="0" ci="5" mb="0" cb="0"/><line nr="182" mi="0" ci="4" mb="0" cb="2"/><line nr="183" mi="0" ci="9" mb="0" cb="0"/><line nr="190" mi="0" ci="8" mb="0" cb="0"/><line nr="191" mi="0" ci="4" mb="0" cb="0"/><line nr="192" mi="0" ci="4" mb="0" cb="0"/><line nr="193" mi="0" ci="5" mb="0" cb="0"/><line nr="194" mi="0" ci="2" mb="0" cb="0"/><line nr="195" mi="0" ci="1" mb="0" cb="0"/><line nr="203" mi="0" ci="3" mb="0" cb="0"/><line nr="204" mi="0" ci="2" mb="1" cb="1"/><line nr="205" mi="0" ci="5" mb="0" cb="0"/><line nr="209" mi="8" ci="0" mb="0" cb="0"/><line nr="210" mi="4" ci="0" mb="0" cb="0"/><line nr="211" mi="4" ci="0" mb="0" cb="0"/><line nr="212" mi="3" ci="0" mb="0" cb="0"/><line nr="213" mi="9" ci="0" mb="2" cb="0"/><line nr="214" mi="1" ci="0" mb="0" cb="0"/><line nr="220" mi="0" ci="4" mb="0" cb="0"/><line nr="221" mi="0" ci="2" mb="0" cb="2"/><line nr="222" mi="0" ci="5" mb="0" cb="0"/><line nr="224" mi="0" ci="13" mb="0" cb="0"/><line nr="230" mi="1" ci="11" mb="1" cb="1"/><line nr="241" mi="0" ci="4" mb="0" cb="0"/><line nr="242" mi="0" ci="9" mb="2" cb="4"/><line nr="243" mi="0" ci="6" mb="0" cb="0"/><line nr="248" mi="0" ci="5" mb="0" cb="0"/><line nr="249" mi="0" ci="4" mb="0" cb="0"/><line nr="250" mi="0" ci="5" mb="0" cb="0"/><line nr="251" mi="0" ci="9" mb="0" cb="0"/><line nr="252" mi="0" ci="6" mb="0" cb="0"/><line nr="254" mi="0" ci="5" mb="0" cb="0"/><line nr="257" mi="0" ci="2" mb="0" cb="0"/><line nr="258" mi="0" ci="2" mb="0" cb="0"/><line nr="259" mi="0" ci="2" mb="0" cb="0"/><line nr="260" mi="0" ci="4" mb="0" cb="0"/><line nr="261" mi="0" ci="4" mb="0" cb="0"/><line nr="262" mi="0" ci="3" mb="0" cb="0"/><line nr="263" mi="0" ci="2" mb="0" cb="0"/><line nr="264" mi="0" ci="3" mb="0" cb="0"/><line nr="265" mi="0" ci="2" mb="0" cb="0"/><line nr="266" mi="0" ci="2" mb="0" cb="0"/><line nr="268" mi="0" ci="5" mb="0" cb="0"/><line nr="270" mi="0" ci="4" mb="0" cb="2"/><line nr="271" mi="0" ci="7" mb="0" cb="0"/><line nr="272" mi="0" ci="19" mb="0" cb="0"/><line nr="273" mi="0" ci="6" mb="0" cb="0"/><line nr="274" mi="0" ci="6" mb="0" cb="0"/><line nr="275" mi="0" ci="1" mb="0" cb="0"/><line nr="276" mi="0" ci="3" mb="0" cb="0"/><line nr="279" mi="0" ci="8" mb="0" cb="0"/><line nr="280" mi="0" ci="3" mb="1" cb="1"/><line nr="281" mi="2" ci="0" mb="0" cb="0"/><line nr="284" mi="0" ci="5" mb="0" cb="0"/><line nr="285" mi="0" ci="2" mb="0" cb="0"/><line nr="286" mi="0" ci="2" mb="0" cb="0"/><line nr="287" mi="0" ci="1" mb="0" cb="0"/><line nr="288" mi="0" ci="1" mb="0" cb="0"/><line nr="289" mi="0" ci="2" mb="0" cb="0"/><line nr="290" mi="1" ci="0" mb="0" cb="0"/><line nr="291" mi="18" ci="0" mb="0" cb="0"/><line nr="292" mi="6" ci="0" mb="0" cb="0"/><line nr="293" mi="5" ci="0" mb="0" cb="0"/><line nr="294" mi="1" ci="0" mb="0" cb="0"/><line nr="295" mi="3" ci="0" mb="0" cb="0"/><line nr="303" mi="0" ci="4" mb="0" cb="0"/><line nr="304" mi="0" ci="2" mb="0" cb="2"/><line nr="305" mi="0" ci="5" mb="0" cb="0"/><line nr="308" mi="0" ci="4" mb="0" cb="2"/><line nr="309" mi="0" ci="6" mb="0" cb="0"/><line nr="315" mi="0" ci="7" mb="1" cb="3"/><line nr="316" mi="0" ci="6" mb="0" cb="0"/><line nr="322" mi="0" ci="3" mb="0" cb="0"/><line nr="324" mi="0" ci="3" mb="0" cb="0"/><line nr="325" mi="0" ci="3" mb="0" cb="0"/><line nr="326" mi="0" ci="2" mb="0" cb="0"/><line nr="328" mi="0" ci="9" mb="0" cb="0"/><line nr="331" mi="0" ci="1" mb="0" cb="0"/><line nr="339" mi="4" ci="0" mb="0" cb="0"/><line nr="340" mi="7" ci="0" mb="2" cb="0"/><line nr="341" mi="4" ci="0" mb="2" cb="0"/><line nr="342" mi="9" ci="0" mb="0" cb="0"/><line nr="347" mi="3" ci="0" mb="0" cb="0"/><line nr="348" mi="4" ci="0" mb="0" cb="0"/><line nr="349" mi="3" ci="0" mb="0" cb="0"/><line nr="350" mi="2" ci="0" mb="0" cb="0"/><line nr="351" mi="9" ci="0" mb="0" cb="0"/><line nr="354" mi="1" ci="0" mb="0" cb="0"/><line nr="361" mi="0" ci="4" mb="0" cb="0"/><line nr="362" mi="0" ci="2" mb="0" cb="2"/><line nr="363" mi="0" ci="5" mb="0" cb="0"/><line nr="365" mi="0" ci="5" mb="0" cb="0"/><line nr="366" mi="0" ci="2" mb="0" cb="0"/><line nr="367" mi="0" ci="3" mb="0" cb="0"/><line nr="375" mi="0" ci="4" mb="0" cb="0"/><line nr="376" mi="0" ci="2" mb="0" cb="2"/><line nr="377" mi="0" ci="5" mb="0" cb="0"/><line nr="381" mi="0" ci="7" mb="0" cb="2"/><line nr="382" mi="0" ci="6" mb="0" cb="0"/><line nr="383" mi="0" ci="6" mb="0" cb="0"/><line nr="388" mi="0" ci="4" mb="0" cb="0"/><line nr="391" mi="3" ci="4" mb="3" cb="1"/><line nr="392" mi="3" ci="0" mb="0" cb="0"/><line nr="395" mi="0" ci="2" mb="0" cb="0"/><line nr="396" mi="0" ci="8" mb="0" cb="0"/><line nr="399" mi="0" ci="4" mb="1" cb="1"/><line nr="402" mi="4" ci="0" mb="0" cb="0"/><line nr="403" mi="7" ci="0" mb="0" cb="0"/><line nr="404" mi="6" ci="0" mb="0" cb="0"/><line nr="405" mi="6" ci="0" mb="0" cb="0"/><line nr="406" mi="8" ci="0" mb="0" cb="0"/><line nr="407" mi="3" ci="0" mb="2" cb="0"/><line nr="408" mi="7" ci="0" mb="0" cb="0"/><line nr="411" mi="5" ci="0" mb="0" cb="0"/><line nr="414" mi="2" ci="0" mb="0" cb="0"/><line nr="415" mi="2" ci="0" mb="0" cb="0"/><line nr="416" mi="2" ci="0" mb="0" cb="0"/><line nr="417" mi="4" ci="0" mb="0" cb="0"/><line nr="418" mi="4" ci="0" mb="0" cb="0"/><line nr="419" mi="2" ci="0" mb="0" cb="0"/><line nr="420" mi="3" ci="0" mb="0" cb="0"/><line nr="421" mi="2" ci="0" mb="0" cb="0"/><line nr="422" mi="2" ci="0" mb="0" cb="0"/><line nr="424" mi="5" ci="0" mb="0" cb="0"/><line nr="425" mi="4" ci="0" mb="2" cb="0"/><line nr="426" mi="10" ci="0" mb="0" cb="0"/><line nr="428" mi="1" ci="0" mb="0" cb="0"/><line nr="430" mi="3" ci="0" mb="0" cb="0"/><line nr="431" mi="5" ci="0" mb="0" cb="0"/><line nr="434" mi="1" ci="0" mb="0" cb="0"/><line nr="437" mi="0" ci="4" mb="0" cb="0"/><line nr="438" mi="0" ci="6" mb="0" cb="0"/><line nr="439" mi="0" ci="6" mb="0" cb="0"/><line nr="440" mi="0" ci="3" mb="1" cb="1"/><line nr="441" mi="0" ci="6" mb="0" cb="0"/><line nr="444" mi="0" ci="4" mb="0" cb="0"/><line nr="452" mi="0" ci="4" mb="0" cb="0"/><line nr="453" mi="0" ci="2" mb="0" cb="2"/><line nr="454" mi="0" ci="5" mb="0" cb="0"/><line nr="458" mi="0" ci="3" mb="0" cb="0"/><line nr="459" mi="0" ci="3" mb="0" cb="0"/><line nr="462" mi="0" ci="5" mb="0" cb="2"/><line nr="463" mi="0" ci="8" mb="0" cb="0"/><line nr="464" mi="0" ci="3" mb="0" cb="0"/><line nr="465" mi="0" ci="2" mb="1" cb="1"/><line nr="466" mi="0" ci="7" mb="0" cb="0"/><line nr="468" mi="0" ci="1" mb="0" cb="0"/><line nr="470" mi="0" ci="11" mb="0" cb="0"/><line nr="471" mi="0" ci="2" mb="1" cb="1"/><line nr="472" mi="7" ci="0" mb="0" cb="0"/><line nr="480" mi="0" ci="4" mb="0" cb="0"/><line nr="481" mi="0" ci="3" mb="0" cb="0"/><line nr="482" mi="0" ci="3" mb="0" cb="0"/><line nr="483" mi="0" ci="6" mb="0" cb="0"/><line nr="484" mi="0" ci="3" mb="0" cb="0"/><line nr="485" mi="0" ci="3" mb="0" cb="0"/><line nr="488" mi="0" ci="6" mb="0" cb="0"/><line nr="489" mi="0" ci="3" mb="0" cb="0"/><line nr="491" mi="0" ci="2" mb="0" cb="0"/><line nr="493" mi="0" ci="17" mb="0" cb="0"/><line nr="494" mi="0" ci="2" mb="0" cb="0"/><line nr="499" mi="0" ci="2" mb="0" cb="0"/><line nr="501" mi="0" ci="1" mb="0" cb="0"/><line nr="509" mi="4" ci="0" mb="0" cb="0"/><line nr="510" mi="2" ci="0" mb="2" cb="0"/><line nr="511" mi="5" ci="0" mb="0" cb="0"/><line nr="515" mi="4" ci="0" mb="2" cb="0"/><line nr="516" mi="9" ci="0" mb="0" cb="0"/><line nr="523" mi="4" ci="0" mb="0" cb="0"/><line nr="524" mi="5" ci="0" mb="0" cb="0"/><line nr="526" mi="3" ci="0" mb="0" cb="0"/><line nr="527" mi="3" ci="0" mb="0" cb="0"/><line nr="528" mi="2" ci="0" mb="0" cb="0"/><line nr="530" mi="14" ci="0" mb="0" cb="0"/><line nr="534" mi="4" ci="0" mb="0" cb="0"/><line nr="535" mi="3" ci="0" mb="0" cb="0"/><line nr="536" mi="1" ci="0" mb="0" cb="0"/><line nr="537" mi="1" ci="0" mb="0" cb="0"/><line nr="541" mi="0" ci="6" mb="2" cb="2"/><line nr="542" mi="2" ci="5" mb="1" cb="1"/><line nr="543" mi="13" ci="0" mb="6" cb="0"/><line nr="544" mi="2" ci="5" mb="1" cb="1"/><line nr="545" mi="6" ci="0" mb="2" cb="0"/><line nr="554" mi="0" ci="4" mb="0" cb="0"/><line nr="555" mi="0" ci="2" mb="0" cb="2"/><line nr="556" mi="0" ci="5" mb="0" cb="0"/><line nr="558" mi="0" ci="5" mb="0" cb="0"/><line nr="559" mi="0" ci="2" mb="0" cb="0"/><line nr="560" mi="0" ci="1" mb="0" cb="0"/><line nr="561" mi="0" ci="1" mb="0" cb="0"/><line nr="568" mi="0" ci="4" mb="0" cb="0"/><line nr="569" mi="0" ci="2" mb="0" cb="2"/><line nr="570" mi="0" ci="5" mb="0" cb="0"/><line nr="572" mi="0" ci="4" mb="0" cb="0"/><line nr="573" mi="0" ci="8" mb="1" cb="3"/><line nr="574" mi="0" ci="5" mb="0" cb="0"/><line nr="576" mi="0" ci="3" mb="0" cb="0"/><line nr="586" mi="0" ci="4" mb="0" cb="0"/><line nr="587" mi="0" ci="2" mb="0" cb="2"/><line nr="588" mi="0" ci="5" mb="0" cb="0"/><line nr="590" mi="0" ci="9" mb="0" cb="0"/><line nr="591" mi="0" ci="4" mb="0" cb="0"/><line nr="592" mi="0" ci="2" mb="0" cb="0"/><line nr="593" mi="0" ci="1" mb="0" cb="0"/><line nr="604" mi="0" ci="4" mb="0" cb="0"/><line nr="605" mi="0" ci="2" mb="0" cb="2"/><line nr="606" mi="0" ci="5" mb="0" cb="0"/><line nr="608" mi="0" ci="9" mb="0" cb="0"/><line nr="609" mi="0" ci="5" mb="0" cb="0"/><line nr="618" mi="0" ci="4" mb="0" cb="0"/><line nr="619" mi="0" ci="2" mb="0" cb="2"/><line nr="620" mi="0" ci="5" mb="0" cb="0"/><line nr="622" mi="0" ci="4" mb="0" cb="0"/><line nr="623" mi="0" ci="3" mb="0" cb="0"/><line nr="634" mi="0" ci="4" mb="0" cb="0"/><line nr="635" mi="0" ci="2" mb="0" cb="2"/><line nr="636" mi="0" ci="5" mb="0" cb="0"/><line nr="638" mi="0" ci="5" mb="0" cb="0"/><line nr="639" mi="0" ci="9" mb="0" cb="0"/><line nr="641" mi="0" ci="1" mb="0" cb="0"/><line nr="642" mi="0" ci="1" mb="0" cb="0"/><line nr="650" mi="0" ci="5" mb="0" cb="0"/><line nr="651" mi="0" ci="3" mb="0" cb="2"/><line nr="652" mi="0" ci="6" mb="0" cb="0"/><line nr="654" mi="0" ci="6" mb="0" cb="0"/><line nr="655" mi="0" ci="1" mb="0" cb="0"/><line nr="656" mi="0" ci="1" mb="0" cb="0"/><line nr="664" mi="4" ci="0" mb="0" cb="0"/><line nr="665" mi="2" ci="0" mb="2" cb="0"/><line nr="666" mi="5" ci="0" mb="0" cb="0"/><line nr="668" mi="5" ci="0" mb="0" cb="0"/><line nr="676" mi="4" ci="0" mb="0" cb="0"/><line nr="677" mi="9" ci="0" mb="6" cb="0"/><line nr="678" mi="6" ci="0" mb="0" cb="0"/><line nr="680" mi="4" ci="0" mb="0" cb="0"/><line nr="681" mi="8" ci="0" mb="4" cb="0"/><line nr="682" mi="5" ci="0" mb="0" cb="0"/><line nr="685" mi="6" ci="0" mb="4" cb="0"/><line nr="686" mi="11" ci="0" mb="0" cb="0"/><line nr="690" mi="5" ci="0" mb="0" cb="0"/><line nr="691" mi="5" ci="0" mb="0" cb="0"/><line nr="692" mi="8" ci="0" mb="0" cb="0"/><line nr="693" mi="8" ci="0" mb="2" cb="0"/><line nr="694" mi="6" ci="0" mb="2" cb="0"/><line nr="695" mi="8" ci="0" mb="4" cb="0"/><line nr="696" mi="11" ci="0" mb="0" cb="0"/><line nr="697" mi="1" ci="0" mb="0" cb="0"/><line nr="698" mi="10" ci="0" mb="0" cb="0"/><line nr="699" mi="3" ci="0" mb="0" cb="0"/><line nr="708" mi="4" ci="0" mb="0" cb="0"/><line nr="709" mi="9" ci="0" mb="6" cb="0"/><line nr="710" mi="5" ci="0" mb="0" cb="0"/><line nr="712" mi="4" ci="0" mb="0" cb="0"/><line nr="713" mi="8" ci="0" mb="4" cb="0"/><line nr="714" mi="5" ci="0" mb="0" cb="0"/><line nr="716" mi="3" ci="0" mb="2" cb="0"/><line nr="717" mi="6" ci="0" mb="0" cb="0"/><line nr="721" mi="5" ci="0" mb="0" cb="0"/><line nr="722" mi="7" ci="0" mb="0" cb="0"/><line nr="723" mi="2" ci="0" mb="2" cb="0"/><line nr="724" mi="6" ci="0" mb="0" cb="0"/><line nr="725" mi="7" ci="0" mb="0" cb="0"/><line nr="726" mi="1" ci="0" mb="0" cb="0"/><line nr="727" mi="1" ci="0" mb="0" cb="0"/><line nr="728" mi="1" ci="0" mb="0" cb="0"/><line nr="729" mi="2" ci="0" mb="0" cb="0"/><line nr="730" mi="1" ci="0" mb="0" cb="0"/><line nr="731" mi="8" ci="0" mb="0" cb="0"/><line nr="744" mi="4" ci="0" mb="0" cb="0"/><line nr="745" mi="9" ci="0" mb="6" cb="0"/><line nr="746" mi="5" ci="0" mb="0" cb="0"/><line nr="747" mi="4" ci="0" mb="0" cb="0"/><line nr="748" mi="8" ci="0" mb="4" cb="0"/><line nr="749" mi="5" ci="0" mb="0" cb="0"/><line nr="751" mi="5" ci="0" mb="0" cb="0"/><line nr="752" mi="5" ci="0" mb="0" cb="0"/><line nr="753" mi="3" ci="0" mb="0" cb="0"/><line nr="754" mi="1" ci="0" mb="0" cb="0"/><line nr="755" mi="2" ci="0" mb="0" cb="0"/><line nr="756" mi="1" ci="0" mb="0" cb="0"/><line nr="757" mi="8" ci="0" mb="0" cb="0"/><line nr="766" mi="4" ci="0" mb="0" cb="0"/><line nr="767" mi="2" ci="0" mb="2" cb="0"/><line nr="768" mi="5" ci="0" mb="0" cb="0"/><line nr="770" mi="9" ci="0" mb="0" cb="0"/><line nr="771" mi="4" ci="0" mb="0" cb="0"/><line nr="772" mi="10" ci="0" mb="2" cb="0"/><line nr="773" mi="8" ci="0" mb="0" cb="0"/><line nr="774" mi="1" ci="0" mb="0" cb="0"/><line nr="775" mi="2" ci="0" mb="0" cb="0"/><line nr="784" mi="4" ci="0" mb="0" cb="0"/><line nr="785" mi="2" ci="0" mb="2" cb="0"/><line nr="786" mi="5" ci="0" mb="0" cb="0"/><line nr="788" mi="9" ci="0" mb="0" cb="0"/><line nr="789" mi="4" ci="0" mb="0" cb="0"/><line nr="790" mi="2" ci="0" mb="0" cb="0"/><line nr="791" mi="1" ci="0" mb="0" cb="0"/><line nr="800" mi="4" ci="0" mb="0" cb="0"/><line nr="801" mi="9" ci="0" mb="6" cb="0"/><line nr="802" mi="5" ci="0" mb="0" cb="0"/><line nr="803" mi="4" ci="0" mb="0" cb="0"/><line nr="804" mi="8" ci="0" mb="4" cb="0"/><line nr="805" mi="5" ci="0" mb="0" cb="0"/><line nr="806" mi="3" ci="0" mb="2" cb="0"/><line nr="807" mi="6" ci="0" mb="0" cb="0"/><line nr="810" mi="5" ci="0" mb="0" cb="0"/><line nr="811" mi="5" ci="0" mb="0" cb="0"/><line nr="812" mi="6" ci="0" mb="0" cb="0"/><line nr="813" mi="2" ci="0" mb="0" cb="0"/><line nr="814" mi="2" ci="0" mb="2" cb="0"/><line nr="815" mi="6" ci="0" mb="0" cb="0"/><line nr="816" mi="4" ci="0" mb="0" cb="0"/><line nr="817" mi="1" ci="0" mb="0" cb="0"/><line nr="818" mi="2" ci="0" mb="0" cb="0"/><line nr="819" mi="1" ci="0" mb="0" cb="0"/><line nr="820" mi="8" ci="0" mb="0" cb="0"/><line nr="831" mi="4" ci="0" mb="0" cb="0"/><line nr="832" mi="7" ci="0" mb="2" cb="0"/><line nr="833" mi="9" ci="0" mb="2" cb="0"/><line nr="834" mi="2" ci="0" mb="0" cb="0"/><line nr="835" mi="3" ci="0" mb="0" cb="0"/><line nr="847" mi="4" ci="0" mb="0" cb="0"/><line nr="848" mi="8" ci="0" mb="4" cb="0"/><line nr="849" mi="5" ci="0" mb="0" cb="0"/><line nr="850" mi="4" ci="0" mb="0" cb="0"/><line nr="851" mi="3" ci="0" mb="0" cb="0"/><line nr="852" mi="2" ci="0" mb="0" cb="0"/><line nr="853" mi="3" ci="0" mb="0" cb="0"/><line nr="862" mi="4" ci="0" mb="0" cb="0"/><line nr="863" mi="7" ci="0" mb="2" cb="0"/><line nr="866" mi="10" ci="0" mb="0" cb="0"/><line nr="868" mi="3" ci="0" mb="0" cb="0"/><line nr="869" mi="14" ci="0" mb="2" cb="0"/><line nr="871" mi="4" ci="0" mb="0" cb="0"/><line nr="872" mi="4" ci="0" mb="0" cb="0"/><line nr="873" mi="4" ci="0" mb="0" cb="0"/><line nr="874" mi="4" ci="0" mb="0" cb="0"/><line nr="875" mi="3" ci="0" mb="0" cb="0"/><line nr="876" mi="4" ci="0" mb="0" cb="0"/><line nr="877" mi="3" ci="0" mb="0" cb="0"/><line nr="878" mi="14" ci="0" mb="2" cb="0"/><line nr="879" mi="2" ci="0" mb="0" cb="0"/><line nr="882" mi="10" ci="0" mb="0" cb="0"/><line nr="883" mi="10" ci="0" mb="2" cb="0"/><line nr="884" mi="4" ci="0" mb="0" cb="0"/><line nr="885" mi="3" ci="0" mb="0" cb="0"/><line nr="886" mi="4" ci="0" mb="0" cb="0"/><line nr="887" mi="4" ci="0" mb="0" cb="0"/><line nr="888" mi="4" ci="0" mb="0" cb="0"/><line nr="889" mi="4" ci="0" mb="0" cb="0"/><line nr="890" mi="4" ci="0" mb="0" cb="0"/><line nr="891" mi="2" ci="0" mb="0" cb="0"/><line nr="892" mi="1" ci="0" mb="0" cb="0"/><line nr="894" mi="19" ci="0" mb="0" cb="0"/><line nr="895" mi="1" ci="0" mb="0" cb="0"/><line nr="897" mi="1" ci="0" mb="0" cb="0"/><line nr="904" mi="4" ci="0" mb="0" cb="0"/><line nr="905" mi="8" ci="0" mb="2" cb="0"/><line nr="906" mi="10" ci="0" mb="4" cb="0"/><line nr="907" mi="2" ci="0" mb="0" cb="0"/><line nr="920" mi="4" ci="0" mb="0" cb="0"/><line nr="921" mi="7" ci="0" mb="2" cb="0"/><line nr="922" mi="4" ci="0" mb="0" cb="0"/><line nr="923" mi="8" ci="0" mb="4" cb="0"/><line nr="924" mi="5" ci="0" mb="0" cb="0"/><line nr="926" mi="3" ci="0" mb="0" cb="0"/><line nr="927" mi="5" ci="0" mb="4" cb="0"/><line nr="928" mi="6" ci="0" mb="0" cb="0"/><line nr="930" mi="5" ci="0" mb="2" cb="0"/><line nr="931" mi="8" ci="0" mb="2" cb="0"/><line nr="932" mi="10" ci="0" mb="2" cb="0"/><line nr="933" mi="3" ci="0" mb="0" cb="0"/><line nr="935" mi="8" ci="0" mb="2" cb="0"/><line nr="936" mi="10" ci="0" mb="2" cb="0"/><line nr="937" mi="3" ci="0" mb="0" cb="0"/><line nr="938" mi="2" ci="0" mb="0" cb="0"/><line nr="940" mi="3" ci="0" mb="0" cb="0"/><line nr="943" mi="9" ci="0" mb="0" cb="0"/><line nr="946" mi="5" ci="0" mb="0" cb="0"/><line nr="947" mi="4" ci="0" mb="0" cb="0"/><line nr="948" mi="5" ci="0" mb="0" cb="0"/><line nr="949" mi="6" ci="0" mb="0" cb="0"/><line nr="950" mi="5" ci="0" mb="0" cb="0"/><line nr="951" mi="5" ci="0" mb="0" cb="0"/><line nr="953" mi="6" ci="0" mb="0" cb="0"/><line nr="954" mi="4" ci="0" mb="0" cb="0"/><line nr="955" mi="4" ci="0" mb="0" cb="0"/><line nr="956" mi="3" ci="0" mb="0" cb="0"/><line nr="957" mi="2" ci="0" mb="0" cb="0"/><line nr="958" mi="3" ci="0" mb="0" cb="0"/><line nr="959" mi="2" ci="0" mb="0" cb="0"/><line nr="960" mi="2" ci="0" mb="0" cb="0"/><line nr="961" mi="5" ci="0" mb="0" cb="0"/><line nr="962" mi="4" ci="0" mb="2" cb="0"/><line nr="963" mi="25" ci="0" mb="0" cb="0"/><line nr="964" mi="8" ci="0" mb="0" cb="0"/><line nr="966" mi="4" ci="0" mb="0" cb="0"/><line nr="969" mi="21" ci="0" mb="0" cb="0"/><line nr="978" mi="6" ci="0" mb="0" cb="0"/><line nr="979" mi="6" ci="0" mb="0" cb="0"/><line nr="981" mi="0" ci="24" mb="0" cb="0"/><line nr="983" mi="0" ci="27" mb="0" cb="0"/><line nr="994" mi="0" ci="6" mb="0" cb="0"/><line nr="995" mi="6" ci="0" mb="0" cb="0"/><line nr="997" mi="0" ci="6" mb="0" cb="0"/><line nr="999" mi="0" ci="9" mb="0" cb="0"/><line nr="1001" mi="0" ci="9" mb="0" cb="0"/><line nr="1003" mi="0" ci="27" mb="0" cb="0"/><line nr="1014" mi="2" ci="22" mb="1" cb="1"/><counter type="INSTRUCTION" missed="1239" covered="1087"/><counter type="BRANCH" missed="158" covered="80"/><counter type="LINE" missed="241" covered="226"/><counter type="COMPLEXITY" missed="110" covered="60"/><counter type="METHOD" missed="20" covered="30"/><counter type="CLASS" missed="5" covered="8"/></sourcefile><sourcefile name="RenderImportClient.java"><line nr="47" mi="18" ci="0" mb="0" cb="0"/><counter type="INSTRUCTION" missed="18" covered="0"/><counter type="LINE" missed="1" covered="0"/><counter type="COMPLEXITY" missed="1" covered="0"/><counter type="METHOD" missed="1" covered="0"/><counter type="CLASS" missed="1" covered="0"/></sourcefile><counter type="INSTRUCTION" missed="1799" covered="1269"/><counter type="BRANCH" missed="193" covered="87"/><counter type="LINE" missed="367" covered="255"/><counter type="COMPLEXITY" missed="151" covered="69"/><counter type="METHOD" missed="42" covered="37"/><counter type="CLASS" missed="7" covered="11"/></package><package name="io/github/flaechsig/blocpress/workbench/repository"><class name="io/github/flaechsig/blocpress/workbench/repository/TestDataSetRepository" sourcefilename="TestDataSetRepository.java"><method name="&lt;init&gt;" desc="()V" line="12"><counter type="INSTRUCTION" missed="0" covered="3"/><counter type="LINE" missed="0" covered="1"/><counter type="COMPLEXITY" missed="0" covered="1"/><counter type="METHOD" missed="0" covered="1"/></method><method name="findByTemplateId" desc="(Ljava/util/UUID;)Ljava/util/List;" line="15"><counter type="INSTRUCTION" missed="0" covered="11"/><counter type="LINE" missed="0" covered="1"/><counter type="COMPLEXITY" missed="0" covered="1"/><counter type="METHOD" missed="0" covered="1"/></method><method name="findByTemplateIdAndName" desc="(Ljava/util/UUID;Ljava/lang/String;)Ljava/util/Optional;" line="19"><counter type="INSTRUCTION" missed="0" covered="15"/><counter type="LINE" missed="0" covered="1"/><counter type="COMPLEXITY" missed="0" covered="1"/><counter type="METHOD" missed="0" covered="1"/></method><method name="countByTemplateId" desc="(Ljava/util/UUID;)J" line="23"><counter type="INSTRUCTION" missed="10" covered="0"/><counter type="LINE" missed="1" covered="0"/><counter type="COMPLEXITY" missed="1" covered="0"/><counter type="METHOD" missed="1" covered="0"/></method><method name="deleteByTemplateId" desc="(Ljava/util/UUID;)V" line="27"><counter type="INSTRUCTION" missed="11" covered="0"/><counter type="LINE" missed="2" covered="0"/><counter type="COMPLEXITY" missed="1" covered="0"/><counter type="METHOD" missed="1" covered="0"/></method><counter type="INSTRUCTION" missed="21" covered="29"/><counter type="LINE" missed="3" covered="3"/><counter type="COMPLEXITY" missed="2" covered="3"/><counter type="METHOD" missed="2" covered="3"/><counter type="CLASS" missed="0" covered="1"/></class><sourcefile name="TestDataSetRepository.java"><line nr="12" mi="0" ci="3" mb="0" cb="0"/><line nr="15" mi="0" ci="11" mb="0" cb="0"/><line nr="19" mi="0" ci="15" mb="0" cb="0"/><line nr="23" mi="10" ci="0" mb="0" cb="0"/><line nr="27" mi="10" ci="0" mb="0" cb="0"/><line nr="28" mi="1" ci="0" mb="0" cb="0"/><counter type="INSTRUCTION" missed="21" covered="29"/><counter type="LINE" missed="3" covered="3"/><counter type="COMPLEXITY" missed="2" covered="3"/><counter type="METHOD" missed="2" covered="3"/><counter type="CLASS" missed="0" covered="1"/></sourcefile><counter type="INSTRUCTION" missed="21" covered="29"/><counter type="LINE" missed="3" covered="3"/><counter type="COMPLEXITY" missed="2" covered="3"/><counter type="METHOD" missed="2" covered="3"/><counter type="CLASS" missed="0" covered="1"/></package><package name="io/github/flaechsig/blocpress/workbench/service"><class name="io/github/flaechsig/blocpress/workbench/service/PdfComparisonService$PageBlocks" sourcefilename="PdfComparisonService.java"><method name="&lt;init&gt;" desc="(Ljava/util/List;F)V" line="44"><counter type="INSTRUCTION" missed="9" covered="0"/><counter type="LINE" missed="1" covered="0"/><counter type="COMPLEXITY" missed="1" covered="0"/><counter type="METHOD" missed="1" covered="0"/></method><counter type="INSTRUCTION" missed="9" covered="0"/><counter type="LINE" missed="1" covered="0"/><counter type="COMPLEXITY" missed="1" covered="0"/><counter type="METHOD" missed="1" covered="0"/><counter type="CLASS" missed="1" covered="0"/></class><class name="io/github/flaechsig/blocpress/workbench/service/PdfComparisonService" sourcefilename="PdfComparisonService.java"><method name="&lt;init&gt;" desc="()V" line="36"><counter type="INSTRUCTION" missed="0" covered="3"/><counter type="LINE" missed="0" covered="1"/><counter type="COMPLEXITY" missed="0" covered="1"/><counter type="METHOD" missed="0" covered="1"/></method><method name="areVisuallyIdentical" desc="([B[B)Z" line="70"><counter type="INSTRUCTION" missed="6" covered="0"/><counter type="LINE" missed="1" covered="0"/><counter type="COMPLEXITY" missed="1" covered="0"/><counter type="METHOD" missed="1" covered="0"/></method><method name="areVisuallyIdentical" desc="([B[BLjava/util/List;)Z" line="74"><counter type="INSTRUCTION" missed="109" covered="0"/><counter type="BRANCH" missed="12" covered="0"/><counter type="LINE" missed="19" covered="0"/><counter type="COMPLEXITY" missed="7" covered="0"/><counter type="METHOD" missed="1" covered="0"/></method><method name="generateDiffPages" desc="([B[BLjava/util/List;)Lio/github/flaechsig/blocpress/workbench/service/PdfComparisonService$DiffPagesReport;" line="106"><counter type="INSTRUCTION" missed="277" covered="0"/><counter type="BRANCH" missed="18" covered="0"/><counter type="LINE" missed="43" covered="0"/><counter type="COMPLEXITY" missed="10" covered="0"/><counter type="METHOD" missed="1" covered="0"/></method><method name="generateDiffPdf" desc="([B[B)[B" line="175"><counter type="INSTRUCTION" missed="221" covered="0"/><counter type="BRANCH" missed="10" covered="0"/><counter type="LINE" missed="38" covered="0"/><counter type="COMPLEXITY" missed="6" covered="0"/><counter type="METHOD" missed="1" covered="0"/></method><method name="extractText" desc="([B)Ljava/lang/String;" line="234"><counter type="INSTRUCTION" missed="53" covered="0"/><counter type="LINE" missed="9" covered="0"/><counter type="COMPLEXITY" missed="1" covered="0"/><counter type="METHOD" missed="1" covered="0"/></method><method name="extractTextBlocks" desc="(Ljava/nio/file/Path;Ljava/nio/file/Path;Ljava/lang/String;)Ljava/util/List;" line="253"><counter type="INSTRUCTION" missed="85" covered="0"/><counter type="BRANCH" missed="2" covered="0"/><counter type="LINE" missed="13" cove
[...]
"316" mi="0" ci="6" mb="0" cb="0"/><line nr="317" mi="0" ci="5" mb="0" cb="0"/><line nr="318" mi="0" ci="3" mb="0" cb="0"/><line nr="319" mi="0" ci="1" mb="0" cb="0"/><line nr="322" mi="0" ci="8" mb="3" cb="3"/><line nr="323" mi="2" ci="0" mb="0" cb="0"/><line nr="325" mi="0" ci="3" mb="1" cb="1"/><line nr="326" mi="7" ci="0" mb="2" cb="0"/><line nr="328" mi="0" ci="3" mb="1" cb="1"/><line nr="329" mi="4" ci="0" mb="0" cb="0"/><line nr="332" mi="0" ci="7" mb="0" cb="0"/><line nr="333" mi="0" ci="3" mb="0" cb="0"/><line nr="336" mi="0" ci="9" mb="0" cb="0"/><line nr="346" mi="0" ci="5" mb="2" cb="2"/><line nr="347" mi="1" ci="0" mb="0" cb="0"/><line nr="350" mi="0" ci="3" mb="0" cb="2"/><line nr="351" mi="0" ci="6" mb="0" cb="0"/><line nr="352" mi="0" ci="13" mb="0" cb="2"/><line nr="353" mi="0" ci="6" mb="0" cb="0"/><line nr="354" mi="0" ci="1" mb="0" cb="0"/><line nr="355" mi="0" ci="1" mb="0" cb="0"/><line nr="358" mi="0" ci="3" mb="0" cb="2"/><line nr="359" mi="0" ci="8" mb="0" cb="2"/><line nr="360" mi="3" ci="7" mb="1" cb="1"/><line nr="361" mi="0" ci="6" mb="0" cb="0"/><line nr="363" mi="0" ci="1" mb="0" cb="0"/><line nr="367" mi="0" ci="3" mb="1" cb="1"/><line nr="368" mi="0" ci="8" mb="0" cb="0"/><line nr="370" mi="0" ci="1" mb="0" cb="0"/><line nr="378" mi="0" ci="6" mb="0" cb="0"/><counter type="INSTRUCTION" missed="106" covered="657"/><counter type="BRANCH" missed="65" covered="105"/><counter type="LINE" missed="25" covered="141"/><counter type="COMPLEXITY" missed="61" covered="53"/><counter type="METHOD" missed="2" covered="27"/><counter type="CLASS" missed="0" covered="2"/></sourcefile><counter type="INSTRUCTION" missed="802" covered="2966"/><counter type="BRANCH" missed="259" covered="330"/><counter type="LINE" missed="176" covered="615"/><counter type="COMPLEXITY" missed="222" covered="170"/><counter type="METHOD" missed="7" covered="85"/><counter type="CLASS" missed="0" covered="9"/></package><package name="io/github/flaechsig/blocpress/core"><class name="io/github/flaechsig/blocpress/core/LibreOfficeProcessor" sourcefilename="LibreOfficeProcessor.java"><method name="&lt;init&gt;" desc="()V" line="22"><counter type="INSTRUCTION" missed="3" covered="0"/><counter type="LINE" missed="1" covered="0"/><counter type="COMPLEXITY" missed="1" covered="0"/><counter type="METHOD" missed="1" covered="0"/></method><method name="refreshAndTransform" desc="([BLio/github/flaechsig/blocpress/core/OutputFormat;)[B" line="29"><counter type="INSTRUCTION" missed="31" covered="150"/><counter type="BRANCH" missed="3" covered="6"/><counter type="LINE" missed="5" covered="35"/><counter type="COMPLEXITY" missed="3" covered="3"/><counter type="METHOD" missed="0" covered="1"/></method><method name="lambda$refreshAndTransform$0" desc="(Ljava/nio/file/Path;)V" line="77"><counter type="INSTRUCTION" missed="0" covered="5"/><counter type="LINE" missed="0" covered="1"/><counter type="COMPLEXITY" missed="0" covered="1"/><counter type="METHOD" missed="0" covered="1"/></method><method name="&lt;clinit&gt;" desc="()V" line="24"><counter type="INSTRUCTION" missed="0" covered="11"/><counter type="LINE" missed="0" covered="1"/><counter type="COMPLEXITY" missed="0" covered="1"/><counter type="METHOD" missed="0" covered="1"/></method><counter type="INSTRUCTION" missed="34" covered="166"/><counter type="BRANCH" missed="3" covered="6"/><counter type="LINE" missed="6" covered="36"/><counter type="COMPLEXITY" missed="4" covered="5"/><counter type="METHOD" missed="1" covered="3"/><counter type="CLASS" missed="0" covered="1"/></class><class name="io/github/flaechsig/blocpress/core/RenderEngine" sourcefilename="RenderEngine.java"><method name="&lt;init&gt;" desc="()V" line="14"><counter type="INSTRUCTION" missed="3" covered="0"/><counter type="LINE" missed="1" covered="0"/><counter type="COMPLEXITY" missed="1" covered="0"/><counter type="METHOD" missed="1" covered="0"/></method><method name="mergeTemplate" desc="(Ljava/net/URL;Lcom/fasterxml/jackson/databind/JsonNode;)[B" line="51"><counter type="INSTRUCTION" missed="13" covered="30"/><counter type="BRANCH" missed="2" covered="2"/><counter type="LINE" missed="1" covered="10"/><counter type="COMPLEXITY" missed="2" covered="1"/><counter type="METHOD" missed="0" covered="1"/></method><method name="expandTextBlocks" desc="(Lio/github/flaechsig/blocpress/core/TemplateDocument;)V" line="81"><counter type="INSTRUCTION" missed="6" covered="31"/><counter type="BRANCH" missed="2" covered="4"/><counter type="LINE" missed="1" covered="9"/><counter type="COMPLEXITY" missed="2" covered="2"/><counter type="METHOD" missed="0" covered="1"/></method><method name="processConditions" desc="(Lio/github/flaechsig/blocpress/core/TemplateDocument;Lcom/fasterxml/jackson/databind/JsonNode;)V" line="100"><counter type="INSTRUCTION" missed="5" covered="18"/><counter type="BRANCH" missed="1" covered="3"/><counter type="LINE" missed="0" covered="5"/><counter type="COMPLEXITY" missed="1" covered="2"/><counter type="METHOD" missed="0" covered="1"/></method><method name="replaceFieldsWithStaticText" desc="(Lio/github/flaechsig/blocpress/core/TemplateDocument;Lcom/fasterxml/jackson/databind/JsonNode;)V" line="112"><counter type="INSTRUCTION" missed="5" covered="24"/><counter type="BRANCH" missed="1" covered="3"/><counter type="LINE" missed="0" covered="6"/><counter type="COMPLEXITY" missed="1" covered="2"/><counter type="METHOD" missed="0" covered="1"/></method><method name="getFieldValue" desc="(Ljava/lang/String;Lcom/fasterxml/jackson/databind/JsonNode;)Ljava/lang/String;" line="127"><counter type="INSTRUCTION" missed="12" covered="31"/><counter type="BRANCH" missed="6" covered="6"/><counter type="LINE" missed="1" covered="6"/><counter type="COMPLEXITY" missed="5" covered="2"/><counter type="METHOD" missed="0" covered="1"/></method><method name="processLoops" desc="(Lio/github/flaechsig/blocpress/core/TemplateDocument;Lcom/fasterxml/jackson/databind/JsonNode;)V" line="144"><counter type="INSTRUCTION" missed="0" covered="26"/><counter type="BRANCH" missed="0" covered="2"/><counter type="LINE" missed="0" covered="5"/><counter type="COMPLEXITY" missed="0" covered="2"/><counter type="METHOD" missed="0" covered="1"/></method><method name="handleGenericLoop" desc="(Lio/github/flaechsig/blocpress/core/TemplateDocument;Lio/github/flaechsig/blocpress/core/TemplateElement;Ljava/lang/String;Lcom/fasterxml/jackson/databind/JsonNode;)V" line="157"><counter type="INSTRUCTION" missed="21" covered="63"/><counter type="BRANCH" missed="6" covered="10"/><counter type="LINE" missed="1" covered="13"/><counter type="COMPLEXITY" missed="6" covered="3"/><counter type="METHOD" missed="0" covered="1"/></method><method name="indexLoopReferenceIfNeeded" desc="(Ljava/lang/String;Ljava/lang/String;I)Ljava/lang/String;" line="183"><counter type="INSTRUCTION" missed="6" covered="24"/><counter type="BRANCH" missed="4" covered="4"/><counter type="LINE" missed="3" covered="5"/><counter type="COMPLEXITY" missed="4" covered="1"/><counter type="METHOD" missed="0" covered="1"/></method><method name="&lt;clinit&gt;" desc="()V" line="13"><counter type="INSTRUCTION" missed="0" covered="4"/><counter type="LINE" missed="0" covered="1"/><counter type="COMPLEXITY" missed="0" covered="1"/><counter type="METHOD" missed="0" covered="1"/></method><counter type="INSTRUCTION" missed="71" covered="251"/><counter type="BRANCH" missed="22" covered="34"/><counter type="LINE" missed="8" covered="60"/><counter type="COMPLEXITY" missed="22" covered="16"/><counter type="METHOD" missed="1" covered="9"/><counter type="CLASS" missed="0" covered="1"/></class><class name="io/github/flaechsig/blocpress/core/DataType" sourcefilename="DataType.java"><method name="&lt;clinit&gt;" desc="()V" line="11"><counter type="INSTRUCTION" missed="0" covered="27"/><counter type="LINE" missed="0" covered="2"/><counter type="COMPLEXITY" missed="0" covered="1"/><counter type="METHOD" missed="0" covered="1"/></method><counter type="INSTRUCTION" missed="0" covered="27"/><counter type="LINE" missed="0" covered="2"/><counter type="COMPLEXITY" missed="0" covered="1"/><counter type="METHOD" missed="0" covered="1"/><counter type="CLASS" missed="0" covered="1"/></class><class name="io/github/flaechsig/blocpress/core/TemplateElement" sourcefilename="TemplateElement.java"/><class name="io/github/flaechsig/blocpress/core/TemplateSectionElement" sourcefilename="TemplateSectionElement.java"/><class name="io/github/flaechsig/blocpress/core/OutputFormat" sourcefilename="OutputFormat.java"><method name="&lt;init&gt;" desc="(Ljava/lang/String;ILjava/lang/String;)V" line="18"><counter type="INSTRUCTION" missed="0" covered="8"/><counter type="LINE" missed="0" covered="3"/><counter type="COMPLEXITY" missed="0" covered="1"/><counter type="METHOD" missed="0" covered="1"/></method><method name="getSuffix" desc="()Ljava/lang/String;" line="23"><counter type="INSTRUCTION" missed="0" covered="3"/><counter type="LINE" missed="0" covered="1"/><counter type="COMPLEXITY" missed="0" covered="1"/><counter type="METHOD" missed="0" covered="1"/></method><method name="&lt;clinit&gt;" desc="()V" line="11"><counter type="INSTRUCTION" missed="0" covered="24"/><counter type="LINE" missed="0" covered="4"/><counter type="COMPLEXITY" missed="0" covered="1"/><counter type="METHOD" missed="0" covered="1"/></method><counter type="INSTRUCTION" missed="0" covered="35"/><counter type="LINE" missed="0" covered="8"/><counter type="COMPLEXITY" missed="0" covered="3"/><counter type="METHOD" missed="0" covered="3"/><counter type="CLASS" missed="0" covered="1"/></class><class name="io/github/flaechsig/blocpress/core/TemplateDocument" sourcefilename="TemplateDocument.java"><method name="getInstance" desc="(Ljava/net/URL;)Lio/github/flaechsig/blocpress/core/TemplateDocument;" line="28"><counter type="INSTRUCTION" missed="0" covered="5"/><counter type="LINE" missed="0" covered="1"/><counter type="COMPLEXITY" missed="0" covered="1"/><counter type="METHOD" missed="0" covered="1"/></method><method name="load" desc="(Ljava/net/URL;)Lio/github/flaechsig/blocpress/core/TemplateDocument;" line="38"><counter type="INSTRUCTION" missed="0" covered="5"/><counter type="LINE" missed="0" covered="1"/><counter type="COMPLEXITY" missed="0" covered="1"/><counter type="METHOD" missed="0" covered="1"/></method><method name="getArrayPaths" desc="(Lcom/fasterxml/jackson/databind/JsonNode;)Ljava/util/Collection;" line="112"><counter type="INSTRUCTION" missed="0" covered="11"/><counter type="LINE" missed="0" covered="3"/><counter type="COMPLEXITY" missed="0" covered="1"/><counter type="METHOD" missed="0" covered="1"/></method><method name="findArrayPaths" desc="(Ljava/lang/String;Lcom/fasterxml/jackson/databind/JsonNode;Ljava/util/Set;)V" line="118"><counter type="INSTRUCTION" missed="0" covered="61"/><counter type="BRANCH" missed="1" covered="11"/><counter type="LINE" missed="0" covered="13"/><counter type="COMPLEXITY" missed="1" covered="6"/><counter type="METHOD" missed="0" covered="1"/></method><counter type="INSTRUCTION" missed="0" covered="82"/><counter type="BRANCH" missed="1" covered="11"/><counter type="LINE" missed="0" covered="18"/><counter type="COMPLEXITY" missed="1" covered="9"/><counter type="METHOD" missed="0" covered="4"/><counter type="CLASS" missed="0" covered="1"/></class><sourcefile name="TemplateSectionElement.java"/><sourcefile name="OutputFormat.java"><line nr="11" mi="0" ci="3" mb="0" cb="0"/><line nr="12" mi="0" ci="7" mb="0" cb="0"/><line nr="13" mi="0" ci="7" mb="0" cb="0"/><line nr="14" mi="0" ci="7" mb="0" cb="0"/><line nr="18" mi="0" ci="4" mb="0" cb="0"/><line nr="19" mi="0" ci="3" mb="0" cb="0"/><line nr="20" mi="0" ci="1" mb="0" cb="0"/><line nr="23" mi="0" ci="3" mb="0" cb="0"/><counter type="INSTRUCTION" missed="0" covered="35"/><counter type="LINE" missed="0" covered="8"/><counter type="COMPLEXITY" missed="0" covered="3"/><counter type="METHOD" missed="0" covered="3"/><counter type="CLASS" missed="0" covered="1"/></sourcefile><sourcefile name="TemplateElement.java"/><sourcefile name="TemplateDocument.java"><line nr="28" mi="0" ci="5" mb="0" cb="0"/><line nr="38" mi="0" ci="5" mb="0" cb="0"/><line nr="112" mi="0" ci="4" mb="0" cb="0"/><line nr="113" mi="0" ci="5" mb="0" cb="0"/><line nr="114" mi="0" ci="2" mb="0" cb="0"/><line nr="118" mi="0" ci="3" mb="0" cb="2"/><line nr="119" mi="0" ci="3" mb="1" cb="1"/><line nr="120" mi="0" ci="4" mb="0" cb="0"/><line nr="122" mi="0" ci="9" mb="0" cb="2"/><line nr="123" mi="0" ci="7" mb="0" cb="0"/><line nr="125" mi="0" ci="3" mb="0" cb="2"/><line nr="126" mi="0" ci="3" mb="0" cb="0"/><line nr="127" mi="0" ci="3" mb="0" cb="2"/><line nr="128" mi="0" ci="4" mb="0" cb="0"/><line nr="129" mi="0" ci="13" mb="0" cb="2"/><line nr="130" mi="0" ci="7" mb="0" cb="0"/><line nr="131" mi="0" ci="1" mb="0" cb="0"/><line nr="133" mi="0" ci="1" mb="0" cb="0"/><counter type="INSTRUCTION" missed="0" covered="82"/><counter type="BRANCH" missed="1" covered="11"/><counter type="LINE" missed="0" covered="18"/><counter type="COMPLEXITY" missed="1" covered="9"/><counter type="METHOD" missed="0" covered="4"/><counter type="CLASS" missed="0" covered="1"/></sourcefile><sourcefile name="DataType.java"><line nr="11" mi="0" ci="3" mb="0" cb="0"/><line nr="12" mi="0" ci="24" mb="0" cb="0"/><counter type="INSTRUCTION" missed="0" covered="27"/><counter type="LINE" missed="0" covered="2"/><counter type="COMPLEXITY" missed="0" covered="1"/><counter type="METHOD" missed="0" covered="1"/><counter type="CLASS" missed="0" covered="1"/></sourcefile><sourcefile name="LibreOfficeProcessor.java"><line nr="22" mi="3" ci="0" mb="0" cb="0"/><line nr="24" mi="0" ci="11" mb="0" cb="0"/><line nr="29" mi="5" ci="2" mb="1" cb="1"/><line nr="30" mi="0" ci="5" mb="0" cb="0"/><line nr="31" mi="0" ci="7" mb="0" cb="0"/><line nr="32" mi="0" ci="6" mb="0" cb="0"/><line nr="34" mi="0" ci="6" mb="0" cb="0"/><line nr="35" mi="0" ci="5" mb="0" cb="3"/><line nr="36" mi="0" ci="2" mb="0" cb="0"/><line nr="37" mi="0" ci="2" mb="0" cb="0"/><line nr="38" mi="0" ci="2" mb="0" cb="0"/><line nr="41" mi="0" ci="4" mb="0" cb="0"/><line nr="42" mi="0" ci="4" mb="0" cb="0"/><line nr="43" mi="0" ci="4" mb="0" cb="0"/><line nr="44" mi="0" ci="4" mb="0" cb="0"/><line nr="45" mi="0" ci="4" mb="0" cb="0"/><line nr="46" mi="0" ci="4" mb="0" cb="0"/><line nr="47" mi="0" ci="4" mb="0" cb="0"/><line nr="48" mi="0" ci="4" mb="0" cb="0"/><line nr="49" mi="0" ci="4" mb="0" cb="0"/><line nr="50" mi="0" ci="4" mb="0" cb="0"/><line nr="51" mi="0" ci="4" mb="0" cb="0"/><line nr="52" mi="0" ci="5" mb="0" cb="0"/><line nr="53" mi="0" ci="5" mb="0" cb="0"/><line nr="55" mi="0" ci="5" mb="0" cb="0"/><line nr="56" mi="0" ci="1" mb="0" cb="0"/><line nr="57" mi="0" ci="2" mb="0" cb="0"/><line nr="59" mi="0" ci="7" mb="0" cb="0"/><line nr="60" mi="0" ci="3" mb="0" cb="0"/><line nr="61" mi="0" ci="2" mb="1" cb="1"/><line nr="62" mi="10" ci="0" mb="0" cb="0"/><line nr="66" mi="0" ci="17" mb="0" cb="0"/><line nr="67" mi="0" ci="5" mb="1" cb="1"/><line nr="68" mi="7" ci="0" mb="0" cb="0"/><line nr="70" mi="0" ci="5" mb="0" cb="0"/><line nr="71" mi="1" ci="0" mb="0" cb="0"/><line nr="72" mi="2" ci="0" mb="0" cb="0"/><line nr="73" mi="6" ci="0" mb="0" cb="0"/><line nr="75" mi="0" ci="3" mb="0" cb="0"/><line nr="76" mi="0" ci="3" mb="0" cb="0"/><line nr="77" mi="0" ci="8" mb="0" cb="0"/><line nr="79" mi="0" ci="3" mb="0" cb="0"/><counter type="INSTRUCTION" missed="34" covered="166"/><counter type="BRANCH" missed="3" covered="6"/><counter type="LINE" missed="6" covered="36"/><counter type="COMPLEXITY" missed="4" covered="5"/><counter type="METHOD" missed="1" covered="3"/><counter type="CLASS" missed="0" covered="1"/></sourcefile><sourcefile name="RenderEngine.java"><line nr="13" mi="0" ci="4" mb="0" cb="0"/><line nr="14" mi="3" ci="0" mb="0" cb="0"/><line nr="51" mi="3" ci="0" mb="0" cb="0"/><line nr="52" mi="10" ci="4" mb="2" cb="2"/><line nr="54" mi="0" ci="3" mb="0" cb="0"/><line nr="56" mi="0" ci="2" mb="0" cb="0"/><line nr="57" mi="0" ci="3" mb="0" cb="0"/><line nr="58" mi="0" ci="3" mb="0" cb="0"/><line nr="59" mi="0" ci="3" mb="0" cb="0"/><line nr="61" mi="0" ci="4" mb="0" cb="0"/><line nr="62" mi="0" ci="3" mb="0" cb="0"/><line nr="63" mi="0" ci="3" mb="0" cb="0"/><line nr="66" mi="0" ci="2" mb="0" cb="0"/><line nr="81" mi="5" ci="2" mb="1" cb="1"/><line nr="82" mi="0" ci="3" mb="0" cb="0"/><line nr="84" mi="0" ci="10" mb="0" cb="2"/><line nr="85" mi="0" ci="5" mb="0" cb="0"/><line nr="86" mi="0" ci="2" mb="1" cb="1"/><line nr="87" mi="1" ci="0" mb="0" cb="0"/><line nr="89" mi="0" ci="3" mb="0" cb="0"/><line nr="90" mi="0" ci="4" mb="0" cb="0"/><line nr="91" mi="0" ci="1" mb="0" cb="0"/><line nr="92" mi="0" ci="1" mb="0" cb="0"/><line nr="100" mi="5" ci="2" mb="1" cb="1"/><line nr="101" mi="0" ci="11" mb="0" cb="2"/><line nr="102" mi="0" ci="3" mb="0" cb="0"/><line nr="103" mi="0" ci="1" mb="0" cb="0"/><line nr="104" mi="0" ci="1" mb="0" cb="0"/><line nr="112" mi="5" ci="2" mb="1" cb="1"/><line nr="113" mi="0" ci="11" mb="0" cb="2"/><line nr="114" mi="0" ci="5" mb="0" cb="0"/><line nr="115" mi="0" ci="4" mb="0" cb="0"/><line nr="116" mi="0" ci="1" mb="0" cb="0"/><line nr="117" mi="0" ci="1" mb="0" cb="0"/><line nr="127" mi="0" ci="6" mb="0" cb="0"/><line nr="128" mi="0" ci="4" mb="0" cb="0"/><line nr="130" mi="2" ci="5" mb="2" cb="2"/><line nr="131" mi="0" ci="6" mb="0" cb="2"/><line nr="132" mi="7" ci="3" mb="3" cb="1"/><line nr="133" mi="0" ci="7" mb="1" cb="1"/><line nr="135" mi="3" ci="0" mb="0" cb="0"/><line nr="144" mi="0" ci="4" mb="0" cb="0"/><line nr="146" mi="0" ci="11" mb="0" cb="2"/><line nr="147" mi="0" ci="9" mb="0" cb="0"/><line nr="148" mi="0" ci="1" mb="0" cb="0"/><line nr="149" mi="0" ci="1" mb="0" cb="0"/><line nr="157" mi="20" ci="8" mb="4" cb="4"/><line nr="158" mi="0" ci="8" mb="0" cb="0"/><line nr="159" mi="0" ci="5" mb="2" cb="2"/><line nr="160" mi="1" ci="0" mb="0" cb="0"/><line nr="163" mi="0" ci="8" mb="0" cb="2"/><line nr="164" mi="0" ci="4" mb="0" cb="0"/><line nr="165" mi="0" ci="3" mb="0" cb="0"/><line nr="167" mi="0" ci="11" mb="0" cb="2"/><line nr="168" mi="0" ci="3" mb="0" cb="0"/><line nr="169" mi="0" ci="5" mb="0" cb="0"/><line nr="170" mi="0" ci="3" mb="0" cb="0"/><line nr="171" mi="0" ci="1" mb="0" cb="0"/><line nr="173" mi="0" ci="3" mb="0" cb="0"/><line nr="174" mi="0" ci="1" mb="0" cb="0"/><line nr="183" mi="0" ci="6" mb="2" cb="2"/><line nr="184" mi="2" ci="0" mb="0" cb="0"/><line nr="186" mi="0" ci="4" mb="1" cb="1"/><line nr="187" mi="2" ci="0" mb="0" cb="0"/><line nr="190" mi="0" ci="5" mb="0" cb="0"/><line nr="193" mi="0" ci="4" mb="1" cb="1"/><line nr="194" mi="2" ci="0" mb="0" cb="0"/><line nr="197" mi="0" ci="5" mb="0" cb="0"/><counter type="INSTRUCTION" missed="71" covered="251"/><counter type="BRANCH" missed="22" covered="34"/><counter type="LINE" missed="8" covered="60"/><counter type="COMPLEXITY" missed="22" covered="16"/><counter type="METHOD" missed="1" covered="9"/><counter type="CLASS" missed="0" covered="1"/></sourcefile><counter type="INSTRUCTION" missed="105" covered="561"/><counter type="BRANCH" missed="26" covered="51"/><counter type="LINE" missed="14" covered="124"/><counter type="COMPLEXITY" missed="27" covered="34"/><counter type="METHOD" missed="2" covered="20"/><counter type="CLASS" missed="0" covered="5"/></package><counter type="INSTRUCTION" missed="907" covered="3527"/><counter type="BRANCH" missed="285" covered="381"/><counter type="LINE" missed="190" covered="739"/><counter type="COMPLEXITY" missed="249" covered="204"/><counter type="METHOD" missed="9" covered="105"/><counter type="CLASS" missed="0" covered="14"/></group><counter type="INSTRUCTION" missed="6722" covered="6654"/><counter type="BRANCH" missed="884" covered="584"/><counter type="LINE" missed="1275" covered="1384"/><counter type="COMPLEXITY" missed="744" covered="359"/><counter type="METHOD" missed="151" covered="207"/><counter type="CLASS" missed="23" covered="42"/></report>